#
# There is insufficient memory for the Java Runtime Environment to continue.
# Native memory allocation (malloc) failed to allocate 686736 bytes for Chunk::new
# Possible reasons:
#   The system is out of physical RAM or swap space
#   The process is running with CompressedOops enabled, and the Java Heap may be blocking the growth of the native heap
# Possible solutions:
#   Reduce memory load on the system
#   Increase physical memory or swap space
#   Check if swap backing store is full
#   Decrease Java heap size (-Xmx/-Xms)
#   Decrease number of Java threads
#   Decrease Java thread stack sizes (-Xss)
#   Set larger code cache with -XX:ReservedCodeCacheSize=
#   JVM is running with Unscaled Compressed Oops mode in which the Java heap is
#     placed in the first 4GB address space. The Java Heap base address is the
#     maximum limit for the native heap growth. Please use -XX:HeapBaseMinAddress
#     to set the Java Heap base and to place the Java Heap above 4GB virtual address.
# This output file may be truncated or incomplete.
#
#  Out of Memory Error (allocation.cpp:389), pid=35824, tid=0x0000000000007eac
#
# JRE version: Java(TM) SE Runtime Environment (8.0_271-b09) (build 1.8.0_271-b09)
# Java VM: Java HotSpot(TM) 64-Bit Server VM (25.271-b09 mixed mode windows-amd64 compressed oops)
# Failed to write core dump. Minidumps are not enabled by default on client versions of Windows
#

---------------  T H R E A D  ---------------

Current thread (0x0000014278e87800):  JavaThread "C2 CompilerThread0" daemon [_thread_in_native, id=32428, stack(0x0000001ead500000,0x0000001ead600000)]

Stack: [0x0000001ead500000,0x0000001ead600000]
Native frames: (J=compiled Java code, j=interpreted, Vv=VM code, C=native code)
V  [jvm.dll+0x33f6c9]
V  [jvm.dll+0x286122]
V  [jvm.dll+0x286dcd]
V  [jvm.dll+0x27d805]
V  [jvm.dll+0xe574c]
V  [jvm.dll+0xe5f4c]
V  [jvm.dll+0x462b72]
V  [jvm.dll+0x49df9d]
V  [jvm.dll+0x452bf1]
V  [jvm.dll+0x44feb4]
V  [jvm.dll+0x43aef7]
V  [jvm.dll+0xbc3eb]
V  [jvm.dll+0xbaa4b]
V  [jvm.dll+0x24e7c2]
V  [jvm.dll+0x2a2dcc]
C  [ucrtbase.dll+0x21bb2]
C  [KERNEL32.DLL+0x17034]
C  [ntdll.dll+0x52651]


Current CompileTask:
C2:   4023 1131   !   4       com.sun.org.apache.xerces.internal.impl.XMLDocumentFragmentScannerImpl$FragmentContentDriver::next (2395 bytes)


---------------  P R O C E S S  ---------------

Java Threads: ( => current thread )
  0x0000014278f26800 JavaThread "Service Thread" daemon [_thread_blocked, id=33304, stack(0x0000001ead900000,0x0000001eada00000)]
  0x0000014278ea1000 JavaThread "C1 CompilerThread3" daemon [_thread_blocked, id=33524, stack(0x0000001ead800000,0x0000001ead900000)]
  0x0000014278e8f800 JavaThread "C2 CompilerThread2" daemon [_thread_in_native, id=27552, stack(0x0000001ead700000,0x0000001ead800000)]
  0x0000014278e89800 JavaThread "C2 CompilerThread1" daemon [_thread_in_vm, id=36440, stack(0x0000001ead600000,0x0000001ead700000)]
=>0x0000014278e87800 JavaThread "C2 CompilerThread0" daemon [_thread_in_native, id=32428, stack(0x0000001ead500000,0x0000001ead600000)]
  0x0000014278e81000 JavaThread "Attach Listener" daemon [_thread_blocked, id=35356, stack(0x0000001ead400000,0x0000001ead500000)]
  0x0000014278e80800 JavaThread "Signal Dispatcher" daemon [_thread_blocked, id=18208, stack(0x0000001ead300000,0x0000001ead400000)]
  0x0000014277041000 JavaThread "Finalizer" daemon [_thread_blocked, id=30704, stack(0x0000001ead200000,0x0000001ead300000)]
  0x0000014277012000 JavaThread "Reference Handler" daemon [_thread_blocked, id=17484, stack(0x0000001ead100000,0x0000001ead200000)]
  0x000001426f380800 JavaThread "main" [_thread_in_Java, id=30072, stack(0x0000001eac700000,0x0000001eac800000)]

Other Threads:
  0x000001427700b000 VMThread [stack: 0x0000001ead000000,0x0000001ead100000] [id=26384]
  0x0000014278f42000 WatcherThread [stack: 0x0000001eada00000,0x0000001eadb00000] [id=23620]

VM state:not at safepoint (normal execution)

VM Mutex/Monitor currently owned by a thread:  ([mutex/lock_event])
[0x000001426f37ddb0] CompiledIC_lock - owner thread: 0x000001426f380800

heap address: 0x0000000081a00000, size: 2022 MB, Compressed Oops mode: 32-bit
Narrow klass base: 0x0000000000000000, Narrow klass shift: 3
Compressed class space size: 1073741824 Address: 0x0000000100000000

Heap:
 PSYoungGen      total 38400K, used 3501K [0x00000000d5e00000, 0x00000000d8880000, 0x0000000100000000)
  eden space 33280K, 10% used [0x00000000d5e00000,0x00000000d616b7b8,0x00000000d7e80000)
  from space 5120K, 0% used [0x00000000d7e80000,0x00000000d7e80000,0x00000000d8380000)
  to   space 5120K, 0% used [0x00000000d8380000,0x00000000d8380000,0x00000000d8880000)
 ParOldGen       total 59392K, used 4668K [0x0000000081a00000, 0x0000000085400000, 0x00000000d5e00000)
  object space 59392K, 7% used [0x0000000081a00000,0x0000000081e8f120,0x0000000085400000)
 Metaspace       used 15802K, capacity 16072K, committed 16384K, reserved 1064960K
  class space    used 2151K, capacity 2238K, committed 2304K, reserved 1048576K

Card table byte_map: [0x0000014271b50000,0x0000014271f50000] byte_map_base: 0x0000014271743000

Marking Bits: (ParMarkBitMap*) 0x0000000076dc7fe0
 Begin Bits: [0x0000014272300000, 0x0000014274298000)
 End Bits:   [0x0000014274298000, 0x0000014276230000)

Polling page: 0x0000014271760000

CodeCache: size=245760Kb used=5428Kb max_used=5437Kb free=240331Kb
 bounds [0x0000014200000000, 0x0000014200560000, 0x000001420f000000]
 total_blobs=1736 nmethods=1375 adapters=273
 compilation: enabled

Compilation events (10 events):
Event: 3.696 Thread 0x0000014278ea1000 1183       3       com.sun.org.apache.xerces.internal.impl.xs.util.SimpleLocator::<init> (5 bytes)
Event: 3.697 Thread 0x0000014278ea1000 nmethod 1183 0x00000142004acdd0 code [0x00000142004acf20, 0x00000142004ad0d8]
Event: 3.705 Thread 0x0000014278ea1000 1212       3       java.lang.CharacterData::of (120 bytes)
Event: 3.705 Thread 0x0000014278ea1000 nmethod 1212 0x00000142004ad190 code [0x00000142004ad340, 0x00000142004ad858]
Event: 3.705 Thread 0x0000014278ea1000 1213       3       java.lang.Character::getType (5 bytes)
Event: 3.706 Thread 0x0000014278ea1000 nmethod 1213 0x00000142004ada90 code [0x00000142004adc00, 0x00000142004adea0]
Event: 3.706 Thread 0x0000014278ea1000 1214       3       java.lang.CharacterData00::getType (11 bytes)
Event: 3.706 Thread 0x0000014278ea1000 nmethod 1214 0x00000142004adfd0 code [0x00000142004ae140, 0x00000142004ae398]
Event: 3.706 Thread 0x0000014278ea1000 1215       3       java.lang.CharacterData00::getProperties (32 bytes)
Event: 3.706 Thread 0x0000014278ea1000 nmethod 1215 0x00000142004ae610 code [0x00000142004ae780, 0x00000142004ae978]

GC Heap History (4 events):
Event: 1.078 GC heap before
{Heap before GC invocations=1 (full 0):
 PSYoungGen      total 38400K, used 33254K [0x00000000d5e00000, 0x00000000d8880000, 0x0000000100000000)
  eden space 33280K, 99% used [0x00000000d5e00000,0x00000000d7e79a00,0x00000000d7e80000)
  from space 5120K, 0% used [0x00000000d8380000,0x00000000d8380000,0x00000000d8880000)
  to   space 5120K, 0% used [0x00000000d7e80000,0x00000000d7e80000,0x00000000d8380000)
 ParOldGen       total 87552K, used 0K [0x0000000081a00000, 0x0000000086f80000, 0x00000000d5e00000)
  object space 87552K, 0% used [0x0000000081a00000,0x0000000081a00000,0x0000000086f80000)
 Metaspace       used 2680K, capacity 4486K, committed 4864K, reserved 1056768K
  class space    used 295K, capacity 386K, committed 512K, reserved 1048576K
Event: 1.080 GC heap after
Heap after GC invocations=1 (full 0):
 PSYoungGen      total 38400K, used 640K [0x00000000d5e00000, 0x00000000d8880000, 0x0000000100000000)
  eden space 33280K, 0% used [0x00000000d5e00000,0x00000000d5e00000,0x00000000d7e80000)
  from space 5120K, 12% used [0x00000000d7e80000,0x00000000d7f20130,0x00000000d8380000)
  to   space 5120K, 0% used [0x00000000d8380000,0x00000000d8380000,0x00000000d8880000)
 ParOldGen       total 87552K, used 8K [0x0000000081a00000, 0x0000000086f80000, 0x00000000d5e00000)
  object space 87552K, 0% used [0x0000000081a00000,0x0000000081a02000,0x0000000086f80000)
 Metaspace       used 2680K, capacity 4486K, committed 4864K, reserved 1056768K
  class space    used 295K, capacity 386K, committed 512K, reserved 1048576K
}
Event: 3.526 GC heap before
{Heap before GC invocations=2 (full 0):
 PSYoungGen      total 38400K, used 33920K [0x00000000d5e00000, 0x00000000d8880000, 0x0000000100000000)
  eden space 33280K, 100% used [0x00000000d5e00000,0x00000000d7e80000,0x00000000d7e80000)
  from space 5120K, 12% used [0x00000000d7e80000,0x00000000d7f20130,0x00000000d8380000)
  to   space 5120K, 0% used [0x00000000d8380000,0x00000000d8380000,0x00000000d8880000)
 ParOldGen       total 87552K, used 8K [0x0000000081a00000, 0x0000000086f80000, 0x00000000d5e00000)
  object space 87552K, 0% used [0x0000000081a00000,0x0000000081a02000,0x0000000086f80000)
 Metaspace       used 14977K, capacity 15172K, committed 15488K, reserved 1062912K
  class space    used 2060K, capacity 2136K, committed 2176K, reserved 1048576K
Event: 3.536 GC heap after
Heap after GC invocations=2 (full 0):
 PSYoungGen      total 38400K, used 5098K [0x00000000d5e00000, 0x00000000d8880000, 0x0000000100000000)
  eden space 33280K, 0% used [0x00000000d5e00000,0x00000000d5e00000,0x00000000d7e80000)
  from space 5120K, 99% used [0x00000000d8380000,0x00000000d887a910,0x00000000d8880000)
  to   space 5120K, 0% used [0x00000000d7e80000,0x00000000d7e80000,0x00000000d8380000)
 ParOldGen       total 87552K, used 2082K [0x0000000081a00000, 0x0000000086f80000, 0x00000000d5e00000)
  object space 87552K, 2% used [0x0000000081a00000,0x0000000081c08ae0,0x0000000086f80000)
 Metaspace       used 14977K, capacity 15172K, committed 15488K, reserved 1062912K
  class space    used 2060K, capacity 2136K, committed 2176K, reserved 1048576K
}

Deoptimization events (10 events):
Event: 2.274 Thread 0x000001426f380800 Uncommon trap: reason=unstable_if action=reinterpret pc=0x000001420028bf54 method=java.lang.AbstractStringBuilder.append(Ljava/lang/String;)Ljava/lang/AbstractStringBuilder; @ 1
Event: 3.216 Thread 0x000001426f380800 Uncommon trap: reason=unstable_if action=reinterpret pc=0x000001420032b648 method=java.io.WinNTFileSystem.normalize(Ljava/lang/String;)Ljava/lang/String; @ 128
Event: 3.455 Thread 0x000001426f380800 Uncommon trap: reason=unstable_if action=reinterpret pc=0x000001420020a0cc method=java.lang.AbstractStringBuilder.append(Ljava/lang/String;)Ljava/lang/AbstractStringBuilder; @ 1
Event: 3.499 Thread 0x000001426f380800 Uncommon trap: reason=unstable_if action=reinterpret pc=0x00000142003247d4 method=java.util.HashMap.putVal(ILjava/lang/Object;Ljava/lang/Object;ZZ)Ljava/lang/Object; @ 162
Event: 3.500 Thread 0x000001426f380800 Uncommon trap: reason=unstable_if action=reinterpret pc=0x00000142002c9564 method=java.util.HashMap.getNode(ILjava/lang/Object;)Ljava/util/HashMap$Node; @ 84
Event: 3.500 Thread 0x000001426f380800 Uncommon trap: reason=unstable_if action=reinterpret pc=0x00000142002c6650 method=java.util.HashMap.getNode(ILjava/lang/Object;)Ljava/util/HashMap$Node; @ 84
Event: 3.519 Thread 0x000001426f380800 Uncommon trap: reason=unstable_if action=reinterpret pc=0x000001420036c1f4 method=com.sun.org.apache.xerces.internal.impl.XMLEntityScanner.checkBeforeLoad(Lcom/sun/xml/internal/stream/Entity$ScannedEntity;II)I @ 18
Event: 3.524 Thread 0x000001426f380800 Uncommon trap: reason=unstable_if action=reinterpret pc=0x00000142003c2b38 method=com.sun.org.apache.xerces.internal.impl.XMLEntityScanner.peekChar()I @ 14
Event: 3.575 Thread 0x000001426f380800 Uncommon trap: reason=unstable_if action=reinterpret pc=0x0000014200384dc8 method=com.sun.org.apache.xerces.internal.impl.XMLEntityScanner.scanContent(Lcom/sun/org/apache/xerces/internal/xni/XMLString;)I @ 44
Event: 3.694 Thread 0x000001426f380800 Uncommon trap: reason=unstable_if action=reinterpret pc=0x000001420014b5c0 method=java.lang.CharacterData.of(I)Ljava/lang/CharacterData; @ 4

Classes redefined (0 events):
No events

Internal exceptions (10 events):
Event: 2.136 Thread 0x000001426f380800 Exception <a 'java/lang/ArrayIndexOutOfBoundsException'> (0x00000000d6fb9ae0) thrown at [C:\jenkins\workspace\8-2-build-windows-amd64-cygwin\jdk8u271\605\hotspot\src\share\vm\runtime\sharedRuntime.cpp, line 609]
Event: 2.137 Thread 0x000001426f380800 Exception <a 'java/lang/ArrayIndexOutOfBoundsException'> (0x00000000d6fbadb8) thrown at [C:\jenkins\workspace\8-2-build-windows-amd64-cygwin\jdk8u271\605\hotspot\src\share\vm\runtime\sharedRuntime.cpp, line 609]
Event: 2.138 Thread 0x000001426f380800 Exception <a 'java/lang/ArrayIndexOutOfBoundsException'> (0x00000000d6fbc4c8) thrown at [C:\jenkins\workspace\8-2-build-windows-amd64-cygwin\jdk8u271\605\hotspot\src\share\vm\runtime\sharedRuntime.cpp, line 609]
Event: 2.151 Thread 0x000001426f380800 Exception <a 'java/lang/ArrayIndexOutOfBoundsException': 79> (0x00000000d700f2f8) thrown at [C:\jenkins\workspace\8-2-build-windows-amd64-cygwin\jdk8u271\605\hotspot\src\share\vm\interpreter\interpreterRuntime.cpp, line 371]
Event: 2.151 Thread 0x000001426f380800 Exception <a 'java/lang/ArrayIndexOutOfBoundsException': 38> (0x00000000d70100c0) thrown at [C:\jenkins\workspace\8-2-build-windows-amd64-cygwin\jdk8u271\605\hotspot\src\share\vm\interpreter\interpreterRuntime.cpp, line 371]
Event: 2.151 Thread 0x000001426f380800 Exception <a 'java/lang/ArrayIndexOutOfBoundsException': 83> (0x00000000d70110b8) thrown at [C:\jenkins\workspace\8-2-build-windows-amd64-cygwin\jdk8u271\605\hotspot\src\share\vm\interpreter\interpreterRuntime.cpp, line 371]
Event: 2.151 Thread 0x000001426f380800 Exception <a 'java/lang/ArrayIndexOutOfBoundsException': 81> (0x00000000d7012078) thrown at [C:\jenkins\workspace\8-2-build-windows-amd64-cygwin\jdk8u271\605\hotspot\src\share\vm\interpreter\interpreterRuntime.cpp, line 371]
Event: 2.151 Thread 0x000001426f380800 Exception <a 'java/lang/ArrayIndexOutOfBoundsException': 78> (0x00000000d7013020) thrown at [C:\jenkins\workspace\8-2-build-windows-amd64-cygwin\jdk8u271\605\hotspot\src\share\vm\interpreter\interpreterRuntime.cpp, line 371]
Event: 2.274 Thread 0x000001426f380800 Implicit null exception at 0x000001420028bb96 to 0x000001420028bf3d
Event: 3.455 Thread 0x000001426f380800 Implicit null exception at 0x0000014200209d16 to 0x000001420020a0b5

Events (10 events):
Event: 3.686 Thread 0x000001426f380800 DEOPT UNPACKING pc=0x0000014200047898 sp=0x0000001eac7fd488 mode 0
Event: 3.688 Thread 0x000001426f380800 DEOPT PACKING pc=0x0000014200420555 sp=0x0000001eac7fd400
Event: 3.688 Thread 0x000001426f380800 DEOPT UNPACKING pc=0x0000014200047898 sp=0x0000001eac7fd1c8 mode 0
Event: 3.694 Thread 0x000001426f380800 Uncommon trap: trap_request=0xffffff65 fr.pc=0x000001420014b5c0
Event: 3.694 Thread 0x000001426f380800 DEOPT PACKING pc=0x000001420014b5c0 sp=0x0000001eac7fc280
Event: 3.694 Thread 0x000001426f380800 DEOPT UNPACKING pc=0x0000014200045843 sp=0x0000001eac7fc220 mode 2
Event: 3.694 loading class java/lang/CharacterData00
Event: 3.699 loading class java/lang/CharacterData00 done
Event: 3.699 Executing VM operation: Deoptimize
Event: 3.699 Executing VM operation: Deoptimize done


Dynamic libraries:
0x00007ff6af630000 - 0x00007ff6af677000 	C:\Program Files\Java\jre1.8.0_271\bin\javaw.exe
0x00007ff968ab0000 - 0x00007ff968ca5000 	C:\WINDOWS\SYSTEM32\ntdll.dll
0x00007ff967e70000 - 0x00007ff967f2d000 	C:\WINDOWS\System32\KERNEL32.DLL
0x00007ff9664a0000 - 0x00007ff966768000 	C:\WINDOWS\System32\KERNELBASE.dll
0x00007ff966b40000 - 0x00007ff966bec000 	C:\WINDOWS\System32\ADVAPI32.dll
0x00007ff9677f0000 - 0x00007ff96788e000 	C:\WINDOWS\System32\msvcrt.dll
0x00007ff966bf0000 - 0x00007ff966c8b000 	C:\WINDOWS\System32\sechost.dll
0x00007ff966db0000 - 0x00007ff966edb000 	C:\WINDOWS\System32\RPCRT4.dll
0x00007ff968460000 - 0x00007ff968600000 	C:\WINDOWS\System32\USER32.dll
0x00007ff9669e0000 - 0x00007ff966a02000 	C:\WINDOWS\System32\win32u.dll
0x00007ff966b10000 - 0x00007ff966b3a000 	C:\WINDOWS\System32\GDI32.dll
0x00007ff9668d0000 - 0x00007ff9669db000 	C:\WINDOWS\System32\gdi32full.dll
0x00007ff966a70000 - 0x00007ff966b0d000 	C:\WINDOWS\System32\msvcp_win.dll
0x00007ff966320000 - 0x00007ff966420000 	C:\WINDOWS\System32\ucrtbase.dll
0x00007ff948e60000 - 0x00007ff9490fa000 	C:\WINDOWS\WinSxS\amd64_microsoft.windows.common-controls_6595b64144ccf1df_6.0.19041.844_none_ca00b6081b84eb1d\COMCTL32.dll
0x00007ff966fb0000 - 0x00007ff966fe0000 	C:\WINDOWS\System32\IMM32.DLL
0x00007ff95ce60000 - 0x00007ff95d062000 	C:\WINDOWS\system32\tmumh\20019\AddOn\8.53.0.1073\TmUmEvt64.dll
0x00007ff967f30000 - 0x00007ff967f38000 	C:\WINDOWS\System32\PSAPI.DLL
0x00000000571e0000 - 0x000000005734e000 	C:\WINDOWS\system32\tmumh\20019\TmMon\2.8.0.1049\tmmon64.dll
0x00007ff945b40000 - 0x00007ff945b55000 	C:\Program Files\Java\jre1.8.0_271\bin\vcruntime140.dll
0x00007ff93dde0000 - 0x00007ff93de7b000 	C:\Program Files\Java\jre1.8.0_271\bin\msvcp140.dll
0x00000000765d0000 - 0x0000000076e3f000 	C:\Program Files\Java\jre1.8.0_271\bin\server\jvm.dll
0x00007ff949140000 - 0x00007ff949149000 	C:\WINDOWS\SYSTEM32\WSOCK32.dll
0x00007ff968840000 - 0x00007ff9688ab000 	C:\WINDOWS\System32\WS2_32.dll
0x00007ff94df80000 - 0x00007ff94dfa7000 	C:\WINDOWS\SYSTEM32\WINMM.dll
0x00007ff9589b0000 - 0x00007ff9589ba000 	C:\WINDOWS\SYSTEM32\VERSION.dll
0x0000014271410000 - 0x0000014271413000 	C:\WINDOWS\system32\Sfc.dll
0x00007ff939dd0000 - 0x00007ff939de2000 	C:\WINDOWS\SYSTEM32\sfc_os.DLL
0x00007ff967ff0000 - 0x00007ff968459000 	C:\WINDOWS\System32\SETUPAPI.dll
0x00007ff9662a0000 - 0x00007ff9662ee000 	C:\WINDOWS\System32\cfgmgr32.dll
0x00007ff9662f0000 - 0x00007ff966317000 	C:\WINDOWS\System32\bcrypt.dll
0x00007ff964aa0000 - 0x00007ff964ab2000 	C:\WINDOWS\SYSTEM32\kernel.appcore.dll
0x00007ff95e5e0000 - 0x00007ff95e5f0000 	C:\Program Files\Java\jre1.8.0_271\bin\verify.dll
0x00007ff945700000 - 0x00007ff94572b000 	C:\Program Files\Java\jre1.8.0_271\bin\java.dll
0x00007ff945e40000 - 0x00007ff945e58000 	C:\Program Files\Java\jre1.8.0_271\bin\zip.dll
0x00007ff9670a0000 - 0x00007ff9677e2000 	C:\WINDOWS\System32\SHELL32.dll
0x00007ff964030000 - 0x00007ff9647c0000 	C:\WINDOWS\SYSTEM32\windows.storage.dll
0x00007ff967890000 - 0x00007ff967be5000 	C:\WINDOWS\System32\combase.dll
0x00007ff965c60000 - 0x00007ff965c8c000 	C:\WINDOWS\SYSTEM32\Wldp.dll
0x00007ff967f40000 - 0x00007ff967fee000 	C:\WINDOWS\System32\SHCORE.dll
0x00007ff967e00000 - 0x00007ff967e55000 	C:\WINDOWS\System32\shlwapi.dll
0x00007ff966130000 - 0x00007ff96614f000 	C:\WINDOWS\SYSTEM32\profapi.dll
0x00007ff965bb0000 - 0x00007ff965bc8000 	C:\WINDOWS\SYSTEM32\CRYPTSP.dll
0x00007ff965300000 - 0x00007ff965334000 	C:\WINDOWS\system32\rsaenh.dll
0x00007ff9660b0000 - 0x00007ff9660de000 	C:\WINDOWS\SYSTEM32\USERENV.dll
0x00007ff966420000 - 0x00007ff9664a0000 	C:\WINDOWS\System32\bcryptprimitives.dll
0x00007ff965ba0000 - 0x00007ff965bac000 	C:\WINDOWS\SYSTEM32\CRYPTBASE.dll
0x00007ff945a60000 - 0x00007ff945a7c000 	C:\Program Files\Java\jre1.8.0_271\bin\net.dll
0x00007ff9659d0000 - 0x00007ff965a3a000 	C:\WINDOWS\system32\mswsock.dll
0x00007ff965670000 - 0x00007ff9656ab000 	C:\WINDOWS\SYSTEM32\IPHLPAPI.DLL
0x00007ff9688b0000 - 0x00007ff9688b8000 	C:\WINDOWS\System32\NSI.dll
0x00007ff95a370000 - 0x00007ff95a387000 	C:\WINDOWS\SYSTEM32\dhcpcsvc6.DLL
0x00007ff95abb0000 - 0x00007ff95abcd000 	C:\WINDOWS\SYSTEM32\dhcpcsvc.DLL
0x00007ff9656c0000 - 0x00007ff96578c000 	C:\WINDOWS\SYSTEM32\DNSAPI.dll
0x00007ff945820000 - 0x00007ff945833000 	C:\Program Files\Java\jre1.8.0_271\bin\nio.dll
0x00007ff9647d0000 - 0x00007ff9649b4000 	C:\WINDOWS\SYSTEM32\dbghelp.dll

VM Arguments:
jvm_args: -Dfile.encoding=Cp1252 
java_command: com.kt.assignment.controller.MainClass
java_class_path (initial): C:\Users\hrkadmin\eclipse-workspace\Sample\bin;C:\Users\ankan.mukherjee\Downloads\hibernatejar-20210603T101901Z-001\hibernatejar\antlr-2.7.7.jar;C:\Users\ankan.mukherjee\Downloads\hibernatejar-20210603T101901Z-001\hibernatejar\byte-buddy-1.8.12.jar;C:\Users\ankan.mukherjee\Downloads\hibernatejar-20210603T101901Z-001\hibernatejar\mchange-commons-java-0.2.11.jar;C:\Users\ankan.mukherjee\Downloads\hibernatejar-20210603T101901Z-001\hibernatejar\c3p0-0.9.5.2.jar;C:\Users\ankan.mukherjee\Downloads\hibernatejar-20210603T101901Z-001\hibernatejar\classmate-1.3.4.jar;C:\Users\ankan.mukherjee\Downloads\hibernatejar-20210603T101901Z-001\hibernatejar\dom4j-1.6.1.jar;C:\Users\ankan.mukherjee\Downloads\hibernatejar-20210603T101901Z-001\hibernatejar\geolatte-geom-1.3.0.jar;C:\Users\ankan.mukherjee\Downloads\hibernatejar-20210603T101901Z-001\hibernatejar\hibernate-c3p0-5.3.1.Final.jar;C:\Users\ankan.mukherjee\Downloads\hibernatejar-20210603T101901Z-001\hibernatejar\hibernate-commons-annotations-5.0.3.Final.jar;C:\Users\ankan.mukherjee\Downloads\hibernatejar-20210603T101901Z-001\hibernatejar\hibernate-core-5.3.1.Final.jar;C:\Users\ankan.mukherjee\Downloads\hibernatejar-20210603T101901Z-001\hibernatejar\hibernate-envers-5.3.1.Final.jar;C:\Users\ankan.mukherjee\Downloads\hibernatejar-20210603T101901Z-001\hibernatejar\hibernate-jpamodelgen-5.3.1.Final.jar;C:\Users\ankan.mukherjee\Downloads\hibernatejar-20210603T101901Z-001\hibernatejar\hibernate-osgi-5.3.1.Final.jar;C:\Users\ankan.mukherjee\Downloads\hibernatejar-20210603T101901Z-001\hibernatejar\hibernate-proxool-5.3.1.Final.jar;C:\Users\ankan.mukherjee\Downloads\hibernatejar-20210603T101901Z-001\hibernatejar\hibernate-spatial-5.3.1.Final.jar;C:\Users\ankan.mukherjee\Downloads\hibernatejar-20210603T101901Z-001\hibernatejar\jandex-2.0.3.Final.jar;C:\Users\ankan.mukherjee\Downloads\hibernatejar-20210603T101901Z-001\hibernatejar\javassist-3.22.0-GA.jar;C:\Users\ankan.mukherjee\Downloads\hibernatejar-20210603T1
Launcher Type: SUN_STANDARD

Environment Variables:
JAVA_HOME=C:\Program Files\Java\jdk1.8.0_144
PATH=C:/Program Files/Java/jre1.8.0_271/bin/server;C:/Program Files/Java/jre1.8.0_271/bin;C:/Program Files/Java/jre1.8.0_271/lib/amd64;C:\Program Files (x86)\Common Files\Oracle\Java\javapath;C:\ProgramData\Oracle\Java\javapath;C:\Program Files (x86)\Intel\iCLS Client\;C:\Program Files\Intel\iCLS Client\;C:\windows\system32;C:\windows;C:\windows\System32\Wbem;C:\windows\System32\WindowsPowerShell\v1.0\;C:\Program Files (x86)\NVIDIA Corporation\PhysX\Common;C:\Program Files\Intel\WiFi\bin\;C:\Program Files\Common Files\Intel\WirelessCommon\;C:\Program Files (x86)\Intel\Intel(R) Management Engine Components\DAL;C:\Program Files\Intel\Intel(R) Management Engine Components\DAL;C:\Program Files (x86)\Intel\Intel(R) Management Engine Components\IPT;C:\Program Files\Intel\Intel(R) Management Engine Components\IPT;C:\WINDOWS\system32;C:\WINDOWS;C:\WINDOWS\System32\Wbem;C:\WINDOWS\System32\WindowsPowerShell\v1.0\;C:\WINDOWS\System32\OpenSSH\;C:\Program Files\Git\cmd;C:\Program Files\Microsoft VS Code\bin;C:\Program Files\nodejs\;C:\Program Files\Java\jdk1.8.0_144\bin;C:\ProgramData\chocolatey\bin;C:\Program Files (x86)\MySQL\MySQL Fabric 1.5.4 & MySQL Utilities 1.5.4 1.5\;C:\Program Files (x86)\MySQL\MySQL Fabric 1.5.4 & MySQL Utilities 1.5.4 1.5\Doctrine extensions for PHP\;C:\Users\ankan.mukherjee\AppData\Local\Microsoft\WindowsApps;;C:\Users\hrkadmin\eclipse\jee-2020-06\eclipse;
USERNAME=ankan.mukherjee
OS=Windows_NT
PROCESSOR_IDENTIFIER=Intel64 Family 6 Model 142 Stepping 10, GenuineIntel



---------------  S Y S T E M  ---------------

OS: Windows 10.0 , 64 bit Build 19041 (10.0.19041.928)

CPU:total 8 (initial active 8) (4 cores per cpu, 2 threads per core) family 6 model 142 stepping 10, cmov, cx8, fxsr, mmx, sse, sse2, sse3, ssse3, sse4.1, sse4.2, popcnt, avx, avx2, aes, clmul, erms, 3dnowpref, lzcnt, ht, tsc, tscinvbit, bmi1, bmi2, adx

Memory: 4k page, physical 8277208k(286692k free), swap 33443032k(26144k free)

vm_info: Java HotSpot(TM) 64-Bit Server VM (25.271-b09) for windows-amd64 JRE (1.8.0_271-b09), built on Sep 16 2020 19:14:59 by "" with MS VC++ 15.9 (VS2017)

time: Fri Jun  4 09:44:13 2021
timezone: India Standard Time
elapsed time: 4.037094 seconds (0d 0h 0m 4s)

