#
# There is insufficient memory for the Java Runtime Environment to continue.
# Native memory allocation (malloc) failed to allocate 32744 bytes for ChunkPool::allocate
# Possible reasons:
#   The system is out of physical RAM or swap space
#   The process is running with CompressedOops enabled, and the Java Heap may be blocking the growth of the native heap
# Possible solutions:
#   Reduce memory load on the system
#   Increase physical memory or swap space
#   Check if swap backing store is full
#   Decrease Java heap size (-Xmx/-Xms)
#   Decrease number of Java threads
#   Decrease Java thread stack sizes (-Xss)
#   Set larger code cache with -XX:ReservedCodeCacheSize=
#   JVM is running with Unscaled Compressed Oops mode in which the Java heap is
#     placed in the first 4GB address space. The Java Heap base address is the
#     maximum limit for the native heap growth. Please use -XX:HeapBaseMinAddress
#     to set the Java Heap base and to place the Java Heap above 4GB virtual address.
# This output file may be truncated or incomplete.
#
#  Out of Memory Error (allocation.cpp:272), pid=31088, tid=0x0000000000007158
#
# JRE version: Java(TM) SE Runtime Environment (8.0_271-b09) (build 1.8.0_271-b09)
# Java VM: Java HotSpot(TM) 64-Bit Server VM (25.271-b09 mixed mode windows-amd64 compressed oops)
# Failed to write core dump. Minidumps are not enabled by default on client versions of Windows
#

---------------  T H R E A D  ---------------

Current thread (0x0000012947736800):  JavaThread "C2 CompilerThread0" daemon [_thread_in_native, id=29016, stack(0x00000009ac600000,0x00000009ac700000)]

Stack: [0x00000009ac600000,0x00000009ac700000]
Native frames: (J=compiled Java code, j=interpreted, Vv=VM code, C=native code)
V  [jvm.dll+0x33f6c9]


Current CompileTask:
C2:   4170 2306       4       java.net.URLClassLoader$1::run (5 bytes)


---------------  P R O C E S S  ---------------

Java Threads: ( => current thread )
  0x000001292ed00800 JavaThread "DestroyJavaVM" [_thread_blocked, id=28680, stack(0x00000009ab800000,0x00000009ab900000)]
  0x000001294918d000 JavaThread "pool-1-thread-1" [_thread_blocked, id=21136, stack(0x00000009acd00000,0x00000009ace00000)]
  0x0000012949c09800 JavaThread "MySQL Statement Cancellation Timer" daemon [_thread_blocked, id=23816, stack(0x00000009acc00000,0x00000009acd00000)]
  0x00000129477ce800 JavaThread "Service Thread" daemon [_thread_blocked, id=27072, stack(0x00000009aca00000,0x00000009acb00000)]
  0x000001294774a800 JavaThread "C1 CompilerThread3" daemon [_thread_blocked, id=37240, stack(0x00000009ac900000,0x00000009aca00000)]
  0x0000012947742800 JavaThread "C2 CompilerThread2" daemon [_thread_blocked, id=15588, stack(0x00000009ac800000,0x00000009ac900000)]
  0x0000012947738800 JavaThread "C2 CompilerThread1" daemon [_thread_in_native, id=19596, stack(0x00000009ac700000,0x00000009ac800000)]
=>0x0000012947736800 JavaThread "C2 CompilerThread0" daemon [_thread_in_native, id=29016, stack(0x00000009ac600000,0x00000009ac700000)]
  0x0000012947732000 JavaThread "Attach Listener" daemon [_thread_blocked, id=14848, stack(0x00000009ac500000,0x00000009ac600000)]
  0x0000012947731800 JavaThread "Signal Dispatcher" daemon [_thread_blocked, id=35432, stack(0x00000009ac400000,0x00000009ac500000)]
  0x0000012945938000 JavaThread "Finalizer" daemon [_thread_blocked, id=28456, stack(0x00000009ac300000,0x00000009ac400000)]
  0x0000012945910800 JavaThread "Reference Handler" daemon [_thread_blocked, id=35644, stack(0x00000009ac200000,0x00000009ac300000)]

Other Threads:
  0x0000012945908000 VMThread [stack: 0x00000009ac100000,0x00000009ac200000] [id=6564]
  0x00000129477e8800 WatcherThread [stack: 0x00000009acb00000,0x00000009acc00000] [id=24308]

VM state:not at safepoint (normal execution)

VM Mutex/Monitor currently owned by a thread: None

heap address: 0x0000000081a00000, size: 2022 MB, Compressed Oops mode: 32-bit
Narrow klass base: 0x0000000000000000, Narrow klass shift: 3
Compressed class space size: 1073741824 Address: 0x0000000100000000

Heap:
 PSYoungGen      total 38400K, used 21851K [0x00000000d5e00000, 0x00000000d8880000, 0x0000000100000000)
  eden space 33280K, 50% used [0x00000000d5e00000,0x00000000d6e584b0,0x00000000d7e80000)
  from space 5120K, 99% used [0x00000000d7e80000,0x00000000d837e9f8,0x00000000d8380000)
  to   space 5120K, 0% used [0x00000000d8380000,0x00000000d8380000,0x00000000d8880000)
 ParOldGen       total 67584K, used 10292K [0x0000000081a00000, 0x0000000085c00000, 0x00000000d5e00000)
  object space 67584K, 15% used [0x0000000081a00000,0x000000008240d100,0x0000000085c00000)
 Metaspace       used 30376K, capacity 30718K, committed 30976K, reserved 1075200K
  class space    used 4470K, capacity 4571K, committed 4608K, reserved 1048576K

Card table byte_map: [0x0000012940450000,0x0000012940850000] byte_map_base: 0x0000012940043000

Marking Bits: (ParMarkBitMap*) 0x00000000771d7fe0
 Begin Bits: [0x0000012940c00000, 0x0000012942b98000)
 End Bits:   [0x0000012942b98000, 0x0000012944b30000)

Polling page: 0x000001292ee50000

CodeCache: size=245760Kb used=8686Kb max_used=8686Kb free=237073Kb
 bounds [0x0000012931090000, 0x0000012931920000, 0x0000012940090000]
 total_blobs=2809 nmethods=2314 adapters=407
 compilation: enabled

Compilation events (10 events):
Event: 4.050 Thread 0x000001294774a800 2313       1       org.hibernate.internal.SessionFactoryImpl::getServiceRegistry (5 bytes)
Event: 4.050 Thread 0x000001294774a800 nmethod 2313 0x0000012931910d90 code [0x0000012931910ee0, 0x0000012931910ff8]
Event: 4.051 Thread 0x000001294774a800 2314       3       jdk.internal.org.objectweb.asm.MethodVisitor::<init> (35 bytes)
Event: 4.051 Thread 0x000001294774a800 nmethod 2314 0x0000012931910810 code [0x0000012931910980, 0x0000012931910c90]
Event: 4.052 Thread 0x000001294774a800 2315       3       java.lang.invoke.MethodType::<init> (40 bytes)
Event: 4.052 Thread 0x000001294774a800 nmethod 2315 0x000001293190fd50 code [0x000001293190ff00, 0x0000012931910570]
Event: 4.052 Thread 0x000001294774a800 2316       3       java.lang.invoke.MethodTypeForm::canonicalize (64 bytes)
Event: 4.052 Thread 0x000001294774a800 nmethod 2316 0x000001293190a010 code [0x000001293190a1a0, 0x000001293190a5f0]
Event: 4.052 Thread 0x000001294774a800 2317       3       java.lang.invoke.MethodType$ConcurrentWeakInternSet::add (66 bytes)
Event: 4.053 Thread 0x000001294774a800 nmethod 2317 0x0000012931911050 code [0x0000012931911280, 0x0000012931912050]

GC Heap History (10 events):
Event: 1.702 GC heap before
{Heap before GC invocations=2 (full 0):
 PSYoungGen      total 38400K, used 33904K [0x00000000d5e00000, 0x00000000d8880000, 0x0000000100000000)
  eden space 33280K, 100% used [0x00000000d5e00000,0x00000000d7e80000,0x00000000d7e80000)
  from space 5120K, 12% used [0x00000000d7e80000,0x00000000d7f1c140,0x00000000d8380000)
  to   space 5120K, 0% used [0x00000000d8380000,0x00000000d8380000,0x00000000d8880000)
 ParOldGen       total 87552K, used 8K [0x0000000081a00000, 0x0000000086f80000, 0x00000000d5e00000)
  object space 87552K, 0% used [0x0000000081a00000,0x0000000081a02000,0x0000000086f80000)
 Metaspace       used 15008K, capacity 15192K, committed 15488K, reserved 1062912K
  class space    used 2060K, capacity 2136K, committed 2176K, reserved 1048576K
Event: 1.708 GC heap after
Heap after GC invocations=2 (full 0):
 PSYoungGen      total 38400K, used 5112K [0x00000000d5e00000, 0x00000000d8880000, 0x0000000100000000)
  eden space 33280K, 0% used [0x00000000d5e00000,0x00000000d5e00000,0x00000000d7e80000)
  from space 5120K, 99% used [0x00000000d8380000,0x00000000d887e3a8,0x00000000d8880000)
  to   space 5120K, 0% used [0x00000000d7e80000,0x00000000d7e80000,0x00000000d8380000)
 ParOldGen       total 87552K, used 1987K [0x0000000081a00000, 0x0000000086f80000, 0x00000000d5e00000)
  object space 87552K, 2% used [0x0000000081a00000,0x0000000081bf0d50,0x0000000086f80000)
 Metaspace       used 15008K, capacity 15192K, committed 15488K, reserved 1062912K
  class space    used 2060K, capacity 2136K, committed 2176K, reserved 1048576K
}
Event: 2.181 GC heap before
{Heap before GC invocations=3 (full 0):
 PSYoungGen      total 38400K, used 38392K [0x00000000d5e00000, 0x00000000d8880000, 0x0000000100000000)
  eden space 33280K, 100% used [0x00000000d5e00000,0x00000000d7e80000,0x00000000d7e80000)
  from space 5120K, 99% used [0x00000000d8380000,0x00000000d887e3a8,0x00000000d8880000)
  to   space 5120K, 0% used [0x00000000d7e80000,0x00000000d7e80000,0x00000000d8380000)
 ParOldGen       total 87552K, used 1987K [0x0000000081a00000, 0x0000000086f80000, 0x00000000d5e00000)
  object space 87552K, 2% used [0x0000000081a00000,0x0000000081bf0d50,0x0000000086f80000)
 Metaspace       used 16864K, capacity 17166K, committed 17408K, reserved 1064960K
  class space    used 2380K, capacity 2475K, committed 2560K, reserved 1048576K
Event: 2.186 GC heap after
Heap after GC invocations=3 (full 0):
 PSYoungGen      total 38400K, used 5107K [0x00000000d5e00000, 0x00000000d8880000, 0x0000000100000000)
  eden space 33280K, 0% used [0x00000000d5e00000,0x00000000d5e00000,0x00000000d7e80000)
  from space 5120K, 99% used [0x00000000d7e80000,0x00000000d837cfc8,0x00000000d8380000)
  to   space 5120K, 0% used [0x00000000d8380000,0x00000000d8380000,0x00000000d8880000)
 ParOldGen       total 87552K, used 3412K [0x0000000081a00000, 0x0000000086f80000, 0x00000000d5e00000)
  object space 87552K, 3% used [0x0000000081a00000,0x0000000081d550e0,0x0000000086f80000)
 Metaspace       used 16864K, capacity 17166K, committed 17408K, reserved 1064960K
  class space    used 2380K, capacity 2475K, committed 2560K, reserved 1048576K
}
Event: 2.810 GC heap before
{Heap before GC invocations=4 (full 0):
 PSYoungGen      total 38400K, used 31622K [0x00000000d5e00000, 0x00000000d8880000, 0x0000000100000000)
  eden space 33280K, 79% used [0x00000000d5e00000,0x00000000d77e4838,0x00000000d7e80000)
  from space 5120K, 99% used [0x00000000d7e80000,0x00000000d837cfc8,0x00000000d8380000)
  to   space 5120K, 0% used [0x00000000d8380000,0x00000000d8380000,0x00000000d8880000)
 ParOldGen       total 87552K, used 3412K [0x0000000081a00000, 0x0000000086f80000, 0x00000000d5e00000)
  object space 87552K, 3% used [0x0000000081a00000,0x0000000081d550e0,0x0000000086f80000)
 Metaspace       used 20893K, capacity 21124K, committed 21296K, reserved 1067008K
  class space    used 3063K, capacity 3152K, committed 3200K, reserved 1048576K
Event: 2.816 GC heap after
Heap after GC invocations=4 (full 0):
 PSYoungGen      total 38400K, used 5088K [0x00000000d5e00000, 0x00000000d8880000, 0x0000000100000000)
  eden space 33280K, 0% used [0x00000000d5e00000,0x00000000d5e00000,0x00000000d7e80000)
  from space 5120K, 99% used [0x00000000d8380000,0x00000000d88781f0,0x00000000d8880000)
  to   space 5120K, 0% used [0x00000000d7e80000,0x00000000d7e80000,0x00000000d8380000)
 ParOldGen       total 87552K, used 6763K [0x0000000081a00000, 0x0000000086f80000, 0x00000000d5e00000)
  object space 87552K, 7% used [0x0000000081a00000,0x000000008209ac68,0x0000000086f80000)
 Metaspace       used 20893K, capacity 21124K, committed 21296K, reserved 1067008K
  class space    used 3063K, capacity 3152K, committed 3200K, reserved 1048576K
}
Event: 2.816 GC heap before
{Heap before GC invocations=5 (full 1):
 PSYoungGen      total 38400K, used 5088K [0x00000000d5e00000, 0x00000000d8880000, 0x0000000100000000)
  eden space 33280K, 0% used [0x00000000d5e00000,0x00000000d5e00000,0x00000000d7e80000)
  from space 5120K, 99% used [0x00000000d8380000,0x00000000d88781f0,0x00000000d8880000)
  to   space 5120K, 0% used [0x00000000d7e80000,0x00000000d7e80000,0x00000000d8380000)
 ParOldGen       total 87552K, used 6763K [0x0000000081a00000, 0x0000000086f80000, 0x00000000d5e00000)
  object space 87552K, 7% used [0x0000000081a00000,0x000000008209ac68,0x0000000086f80000)
 Metaspace       used 20893K, capacity 21124K, committed 21296K, reserved 1067008K
  class space    used 3063K, capacity 3152K, committed 3200K, reserved 1048576K
Event: 2.847 GC heap after
Heap after GC invocations=5 (full 1):
 PSYoungGen      total 38400K, used 0K [0x00000000d5e00000, 0x00000000d8880000, 0x0000000100000000)
  eden space 33280K, 0% used [0x00000000d5e00000,0x00000000d5e00000,0x00000000d7e80000)
  from space 5120K, 0% used [0x00000000d8380000,0x00000000d8380000,0x00000000d8880000)
  to   space 5120K, 0% used [0x00000000d7e80000,0x00000000d7e80000,0x00000000d8380000)
 ParOldGen       total 67584K, used 9041K [0x0000000081a00000, 0x0000000085c00000, 0x00000000d5e00000)
  object space 67584K, 13% used [0x0000000081a00000,0x00000000822d46c0,0x0000000085c00000)
 Metaspace       used 20893K, capacity 21124K, committed 21296K, reserved 1067008K
  class space    used 3063K, capacity 3152K, committed 3200K, reserved 1048576K
}
Event: 3.344 GC heap before
{Heap before GC invocations=6 (full 1):
 PSYoungGen      total 38400K, used 33280K [0x00000000d5e00000, 0x00000000d8880000, 0x0000000100000000)
  eden space 33280K, 100% used [0x00000000d5e00000,0x00000000d7e80000,0x00000000d7e80000)
  from space 5120K, 0% used [0x00000000d8380000,0x00000000d8380000,0x00000000d8880000)
  to   space 5120K, 0% used [0x00000000d7e80000,0x00000000d7e80000,0x00000000d8380000)
 ParOldGen       total 67584K, used 9041K [0x0000000081a00000, 0x0000000085c00000, 0x00000000d5e00000)
  object space 67584K, 13% used [0x0000000081a00000,0x00000000822d46c0,0x0000000085c00000)
 Metaspace       used 27161K, capacity 27480K, committed 27776K, reserved 1073152K
  class space    used 4082K, capacity 4176K, committed 4224K, reserved 1048576K
Event: 3.348 GC heap after
Heap after GC invocations=6 (full 1):
 PSYoungGen      total 38400K, used 5114K [0x00000000d5e00000, 0x00000000d8880000, 0x0000000100000000)
  eden space 33280K, 0% used [0x00000000d5e00000,0x00000000d5e00000,0x00000000d7e80000)
  from space 5120K, 99% used [0x00000000d7e80000,0x00000000d837e9f8,0x00000000d8380000)
  to   space 5120K, 0% used [0x00000000d8380000,0x00000000d8380000,0x00000000d8880000)
 ParOldGen       total 67584K, used 10292K [0x0000000081a00000, 0x0000000085c00000, 0x00000000d5e00000)
  object space 67584K, 15% used [0x0000000081a00000,0x000000008240d100,0x0000000085c00000)
 Metaspace       used 27161K, capacity 27480K, committed 27776K, reserved 1073152K
  class space    used 4082K, capacity 4176K, committed 4224K, reserved 1048576K
}

Deoptimization events (10 events):
Event: 1.809 Thread 0x000001292ed00800 Uncommon trap: reason=unstable_if action=reinterpret pc=0x000001293147243c method=com.sun.org.apache.xerces.internal.impl.dtd.models.CMStateSet.getBit(I)Z @ 37
Event: 2.446 Thread 0x000001292ed00800 Uncommon trap: reason=unstable_if action=reinterpret pc=0x00000129314cd288 method=com.sun.org.apache.xerces.internal.impl.XMLEntityScanner.scanContent(Lcom/sun/org/apache/xerces/internal/xni/XMLString;)I @ 127
Event: 2.526 Thread 0x000001292ed00800 Uncommon trap: reason=unstable_if action=reinterpret pc=0x0000012931349cbc method=java.lang.CharacterDataLatin1.isWhitespace(I)Z @ 14
Event: 2.542 Thread 0x000001292ed00800 Uncommon trap: reason=unstable_if action=reinterpret pc=0x0000012931794368 method=java.lang.CharacterDataLatin1.digit(II)I @ 31
Event: 2.585 Thread 0x000001292ed00800 Uncommon trap: reason=predicate action=maybe_recompile pc=0x00000129313043e8 method=sun.net.www.ParseUtil.encodePath(Ljava/lang/String;Z)Ljava/lang/String; @ 36
Event: 2.696 Thread 0x000001292ed00800 Uncommon trap: reason=unstable_if action=reinterpret pc=0x00000129317cb28c method=java.lang.CharacterDataLatin1.digit(II)I @ 31
Event: 3.431 Thread 0x000001292ed00800 Uncommon trap: reason=unstable_if action=reinterpret pc=0x000001293186486c method=java.lang.String$CaseInsensitiveComparator.compare(Ljava/lang/String;Ljava/lang/String;)I @ 70
Event: 3.431 Thread 0x000001292ed00800 Uncommon trap: reason=unstable_if action=reinterpret pc=0x00000129316dfee0 method=java.lang.String.regionMatches(ZILjava/lang/String;II)Z @ 123
Event: 3.458 Thread 0x000001292ed00800 Uncommon trap: reason=unstable_if action=reinterpret pc=0x0000012931866f00 method=java.lang.String$CaseInsensitiveComparator.compare(Ljava/lang/String;Ljava/lang/String;)I @ 70
Event: 3.968 Thread 0x000001292ed00800 Uncommon trap: reason=unstable_if action=reinterpret pc=0x000001293185e7c4 method=java.util.regex.Pattern$BmpCharProperty.match(Ljava/util/regex/Matcher;ILjava/lang/CharSequence;)Z @ 34

Classes redefined (0 events):
No events

Internal exceptions (10 events):
Event: 2.487 Thread 0x000001292ed00800 Exception <a 'java/security/PrivilegedActionException'> (0x00000000d6cd7798) thrown at [C:\jenkins\workspace\8-2-build-windows-amd64-cygwin\jdk8u271\605\hotspot\src\share\vm\prims\jvm.cpp, line 1512]
Event: 2.491 Thread 0x000001292ed00800 Exception <a 'java/security/PrivilegedActionException'> (0x00000000d6d07980) thrown at [C:\jenkins\workspace\8-2-build-windows-amd64-cygwin\jdk8u271\605\hotspot\src\share\vm\prims\jvm.cpp, line 1512]
Event: 2.491 Thread 0x000001292ed00800 Exception <a 'java/security/PrivilegedActionException'> (0x00000000d6d07d78) thrown at [C:\jenkins\workspace\8-2-build-windows-amd64-cygwin\jdk8u271\605\hotspot\src\share\vm\prims\jvm.cpp, line 1512]
Event: 2.491 Thread 0x000001292ed00800 Exception <a 'java/security/PrivilegedActionException'> (0x00000000d6d0d538) thrown at [C:\jenkins\workspace\8-2-build-windows-amd64-cygwin\jdk8u271\605\hotspot\src\share\vm\prims\jvm.cpp, line 1512]
Event: 2.491 Thread 0x000001292ed00800 Exception <a 'java/security/PrivilegedActionException'> (0x00000000d6d0d930) thrown at [C:\jenkins\workspace\8-2-build-windows-amd64-cygwin\jdk8u271\605\hotspot\src\share\vm\prims\jvm.cpp, line 1512]
Event: 2.492 Thread 0x000001292ed00800 Exception <a 'java/security/PrivilegedActionException'> (0x00000000d6d132c8) thrown at [C:\jenkins\workspace\8-2-build-windows-amd64-cygwin\jdk8u271\605\hotspot\src\share\vm\prims\jvm.cpp, line 1512]
Event: 2.492 Thread 0x000001292ed00800 Exception <a 'java/security/PrivilegedActionException'> (0x00000000d6d136c0) thrown at [C:\jenkins\workspace\8-2-build-windows-amd64-cygwin\jdk8u271\605\hotspot\src\share\vm\prims\jvm.cpp, line 1512]
Event: 2.492 Thread 0x000001292ed00800 Exception <a 'java/security/PrivilegedActionException'> (0x00000000d6d190a0) thrown at [C:\jenkins\workspace\8-2-build-windows-amd64-cygwin\jdk8u271\605\hotspot\src\share\vm\prims\jvm.cpp, line 1512]
Event: 2.492 Thread 0x000001292ed00800 Exception <a 'java/security/PrivilegedActionException'> (0x00000000d6d19498) thrown at [C:\jenkins\workspace\8-2-build-windows-amd64-cygwin\jdk8u271\605\hotspot\src\share\vm\prims\jvm.cpp, line 1512]
Event: 2.752 Thread 0x000001292ed00800 Exception <a 'java/lang/AbstractMethodError': com.mysql.jdbc.Connection.getSchema()Ljava/lang/String;> (0x00000000d739dbe0) thrown at [C:\jenkins\workspace\8-2-build-windows-amd64-cygwin\jdk8u271\605\hotspot\src\share\vm\interpreter\linkResolver.cpp, line

Events (10 events):
Event: 4.049 loading class org/hibernate/property/access/internal/PropertyAccessStrategyBackRefImpl$1
Event: 4.049 loading class org/hibernate/property/access/internal/PropertyAccessStrategyBackRefImpl$1 done
Event: 4.049 loading class org/hibernate/type/TypeHelper
Event: 4.049 loading class org/hibernate/type/TypeHelper done
Event: 4.050 loading class org/hibernate/engine/spi/SelfDirtinessTracker
Event: 4.050 loading class org/hibernate/engine/spi/SelfDirtinessTracker done
Event: 4.050 loading class org/hibernate/hql/internal/HolderInstantiator
Event: 4.050 loading class org/hibernate/hql/internal/HolderInstantiator done
Event: 4.052 Thread 0x000001292ed00800 Thread exited: 0x000001292ed00800
Event: 4.052 Thread 0x000001292ed00800 Thread added: 0x000001292ed00800


Dynamic libraries:
0x00007ff7d43b0000 - 0x00007ff7d43f7000 	C:\Program Files\Java\jre1.8.0_271\bin\javaw.exe
0x00007ff968ab0000 - 0x00007ff968ca5000 	C:\WINDOWS\SYSTEM32\ntdll.dll
0x00007ff967e70000 - 0x00007ff967f2d000 	C:\WINDOWS\System32\KERNEL32.DLL
0x00007ff9664a0000 - 0x00007ff966768000 	C:\WINDOWS\System32\KERNELBASE.dll
0x00007ff966b40000 - 0x00007ff966bec000 	C:\WINDOWS\System32\ADVAPI32.dll
0x00007ff9677f0000 - 0x00007ff96788e000 	C:\WINDOWS\System32\msvcrt.dll
0x00007ff966bf0000 - 0x00007ff966c8b000 	C:\WINDOWS\System32\sechost.dll
0x00007ff966db0000 - 0x00007ff966edb000 	C:\WINDOWS\System32\RPCRT4.dll
0x00007ff968460000 - 0x00007ff968600000 	C:\WINDOWS\System32\USER32.dll
0x00007ff9669e0000 - 0x00007ff966a02000 	C:\WINDOWS\System32\win32u.dll
0x00007ff966b10000 - 0x00007ff966b3a000 	C:\WINDOWS\System32\GDI32.dll
0x00007ff9668d0000 - 0x00007ff9669db000 	C:\WINDOWS\System32\gdi32full.dll
0x00007ff966a70000 - 0x00007ff966b0d000 	C:\WINDOWS\System32\msvcp_win.dll
0x00007ff966320000 - 0x00007ff966420000 	C:\WINDOWS\System32\ucrtbase.dll
0x00007ff948e60000 - 0x00007ff9490fa000 	C:\WINDOWS\WinSxS\amd64_microsoft.windows.common-controls_6595b64144ccf1df_6.0.19041.844_none_ca00b6081b84eb1d\COMCTL32.dll
0x00007ff966fb0000 - 0x00007ff966fe0000 	C:\WINDOWS\System32\IMM32.DLL
0x00007ff95ce60000 - 0x00007ff95d062000 	C:\WINDOWS\system32\tmumh\20019\AddOn\8.53.0.1073\TmUmEvt64.dll
0x00007ff967f30000 - 0x00007ff967f38000 	C:\WINDOWS\System32\PSAPI.DLL
0x00000000571e0000 - 0x000000005734e000 	C:\WINDOWS\system32\tmumh\20019\TmMon\2.8.0.1049\tmmon64.dll
0x00007ff95c9f0000 - 0x00007ff95ca05000 	C:\Program Files\Java\jre1.8.0_271\bin\vcruntime140.dll
0x00007ff93dde0000 - 0x00007ff93de7b000 	C:\Program Files\Java\jre1.8.0_271\bin\msvcp140.dll
0x00000000769e0000 - 0x000000007724f000 	C:\Program Files\Java\jre1.8.0_271\bin\server\jvm.dll
0x00007ff949140000 - 0x00007ff949149000 	C:\WINDOWS\SYSTEM32\WSOCK32.dll
0x00007ff968840000 - 0x00007ff9688ab000 	C:\WINDOWS\System32\WS2_32.dll
0x00007ff94df80000 - 0x00007ff94dfa7000 	C:\WINDOWS\SYSTEM32\WINMM.dll
0x00007ff9589b0000 - 0x00007ff9589ba000 	C:\WINDOWS\SYSTEM32\VERSION.dll
0x000001292ee40000 - 0x000001292ee43000 	C:\WINDOWS\system32\Sfc.dll
0x00007ff939dd0000 - 0x00007ff939de2000 	C:\WINDOWS\SYSTEM32\sfc_os.DLL
0x00007ff967ff0000 - 0x00007ff968459000 	C:\WINDOWS\System32\SETUPAPI.dll
0x00007ff9662a0000 - 0x00007ff9662ee000 	C:\WINDOWS\System32\cfgmgr32.dll
0x00007ff9662f0000 - 0x00007ff966317000 	C:\WINDOWS\System32\bcrypt.dll
0x00007ff964aa0000 - 0x00007ff964ab2000 	C:\WINDOWS\SYSTEM32\kernel.appcore.dll
0x00007ff95c9e0000 - 0x00007ff95c9f0000 	C:\Program Files\Java\jre1.8.0_271\bin\verify.dll
0x00007ff93bf10000 - 0x00007ff93bf3b000 	C:\Program Files\Java\jre1.8.0_271\bin\java.dll
0x00007ff93d190000 - 0x00007ff93d1a8000 	C:\Program Files\Java\jre1.8.0_271\bin\zip.dll
0x00007ff9670a0000 - 0x00007ff9677e2000 	C:\WINDOWS\System32\SHELL32.dll
0x00007ff964030000 - 0x00007ff9647c0000 	C:\WINDOWS\SYSTEM32\windows.storage.dll
0x00007ff967890000 - 0x00007ff967be5000 	C:\WINDOWS\System32\combase.dll
0x00007ff965c60000 - 0x00007ff965c8c000 	C:\WINDOWS\SYSTEM32\Wldp.dll
0x00007ff967f40000 - 0x00007ff967fee000 	C:\WINDOWS\System32\SHCORE.dll
0x00007ff967e00000 - 0x00007ff967e55000 	C:\WINDOWS\System32\shlwapi.dll
0x00007ff966130000 - 0x00007ff96614f000 	C:\WINDOWS\SYSTEM32\profapi.dll
0x00007ff965bb0000 - 0x00007ff965bc8000 	C:\WINDOWS\SYSTEM32\CRYPTSP.dll
0x00007ff965300000 - 0x00007ff965334000 	C:\WINDOWS\system32\rsaenh.dll
0x00007ff9660b0000 - 0x00007ff9660de000 	C:\WINDOWS\SYSTEM32\USERENV.dll
0x00007ff966420000 - 0x00007ff9664a0000 	C:\WINDOWS\System32\bcryptprimitives.dll
0x00007ff965ba0000 - 0x00007ff965bac000 	C:\WINDOWS\SYSTEM32\CRYPTBASE.dll
0x00007ff93cf60000 - 0x00007ff93cf7c000 	C:\Program Files\Java\jre1.8.0_271\bin\net.dll
0x00007ff9659d0000 - 0x00007ff965a3a000 	C:\WINDOWS\system32\mswsock.dll
0x00007ff965670000 - 0x00007ff9656ab000 	C:\WINDOWS\SYSTEM32\IPHLPAPI.DLL
0x00007ff9688b0000 - 0x00007ff9688b8000 	C:\WINDOWS\System32\NSI.dll
0x00007ff95a370000 - 0x00007ff95a387000 	C:\WINDOWS\SYSTEM32\dhcpcsvc6.DLL
0x00007ff95abb0000 - 0x00007ff95abcd000 	C:\WINDOWS\SYSTEM32\dhcpcsvc.DLL
0x00007ff9656c0000 - 0x00007ff96578c000 	C:\WINDOWS\SYSTEM32\DNSAPI.dll
0x00007ff93bef0000 - 0x00007ff93bf03000 	C:\Program Files\Java\jre1.8.0_271\bin\nio.dll
0x00007ff952e30000 - 0x00007ff952e3a000 	C:\Windows\System32\rasadhlp.dll
0x00007ff952e50000 - 0x00007ff952ecf000 	C:\WINDOWS\System32\fwpuclnt.dll

VM Arguments:
jvm_args: -Dfile.encoding=Cp1252 
java_command: com.kt.day1.controller.ReadData
java_class_path (initial): C:\Users\hrkadmin\eclipse-workspace\Sample\bin;C:\Users\ankan.mukherjee\Downloads\hibernatejar-20210603T101901Z-001\hibernatejar\antlr-2.7.7.jar;C:\Users\ankan.mukherjee\Downloads\hibernatejar-20210603T101901Z-001\hibernatejar\byte-buddy-1.8.12.jar;C:\Users\ankan.mukherjee\Downloads\hibernatejar-20210603T101901Z-001\hibernatejar\mchange-commons-java-0.2.11.jar;C:\Users\ankan.mukherjee\Downloads\hibernatejar-20210603T101901Z-001\hibernatejar\c3p0-0.9.5.2.jar;C:\Users\ankan.mukherjee\Downloads\hibernatejar-20210603T101901Z-001\hibernatejar\classmate-1.3.4.jar;C:\Users\ankan.mukherjee\Downloads\hibernatejar-20210603T101901Z-001\hibernatejar\dom4j-1.6.1.jar;C:\Users\ankan.mukherjee\Downloads\hibernatejar-20210603T101901Z-001\hibernatejar\geolatte-geom-1.3.0.jar;C:\Users\ankan.mukherjee\Downloads\hibernatejar-20210603T101901Z-001\hibernatejar\hibernate-c3p0-5.3.1.Final.jar;C:\Users\ankan.mukherjee\Downloads\hibernatejar-20210603T101901Z-001\hibernatejar\hibernate-commons-annotations-5.0.3.Final.jar;C:\Users\ankan.mukherjee\Downloads\hibernatejar-20210603T101901Z-001\hibernatejar\hibernate-core-5.3.1.Final.jar;C:\Users\ankan.mukherjee\Downloads\hibernatejar-20210603T101901Z-001\hibernatejar\hibernate-envers-5.3.1.Final.jar;C:\Users\ankan.mukherjee\Downloads\hibernatejar-20210603T101901Z-001\hibernatejar\hibernate-jpamodelgen-5.3.1.Final.jar;C:\Users\ankan.mukherjee\Downloads\hibernatejar-20210603T101901Z-001\hibernatejar\hibernate-osgi-5.3.1.Final.jar;C:\Users\ankan.mukherjee\Downloads\hibernatejar-20210603T101901Z-001\hibernatejar\hibernate-proxool-5.3.1.Final.jar;C:\Users\ankan.mukherjee\Downloads\hibernatejar-20210603T101901Z-001\hibernatejar\hibernate-spatial-5.3.1.Final.jar;C:\Users\ankan.mukherjee\Downloads\hibernatejar-20210603T101901Z-001\hibernatejar\jandex-2.0.3.Final.jar;C:\Users\ankan.mukherjee\Downloads\hibernatejar-20210603T101901Z-001\hibernatejar\javassist-3.22.0-GA.jar;C:\Users\ankan.mukherjee\Downloads\hibernatejar-20210603T1
Launcher Type: SUN_STANDARD

Environment Variables:
JAVA_HOME=C:\Program Files\Java\jdk1.8.0_144
PATH=C:/Program Files/Java/jre1.8.0_271/bin/server;C:/Program Files/Java/jre1.8.0_271/bin;C:/Program Files/Java/jre1.8.0_271/lib/amd64;C:\Program Files (x86)\Common Files\Oracle\Java\javapath;C:\ProgramData\Oracle\Java\javapath;C:\Program Files (x86)\Intel\iCLS Client\;C:\Program Files\Intel\iCLS Client\;C:\windows\system32;C:\windows;C:\windows\System32\Wbem;C:\windows\System32\WindowsPowerShell\v1.0\;C:\Program Files (x86)\NVIDIA Corporation\PhysX\Common;C:\Program Files\Intel\WiFi\bin\;C:\Program Files\Common Files\Intel\WirelessCommon\;C:\Program Files (x86)\Intel\Intel(R) Management Engine Components\DAL;C:\Program Files\Intel\Intel(R) Management Engine Components\DAL;C:\Program Files (x86)\Intel\Intel(R) Management Engine Components\IPT;C:\Program Files\Intel\Intel(R) Management Engine Components\IPT;C:\WINDOWS\system32;C:\WINDOWS;C:\WINDOWS\System32\Wbem;C:\WINDOWS\System32\WindowsPowerShell\v1.0\;C:\WINDOWS\System32\OpenSSH\;C:\Program Files\Git\cmd;C:\Program Files\Microsoft VS Code\bin;C:\Program Files\nodejs\;C:\Program Files\Java\jdk1.8.0_144\bin;C:\ProgramData\chocolatey\bin;C:\Program Files (x86)\MySQL\MySQL Fabric 1.5.4 & MySQL Utilities 1.5.4 1.5\;C:\Program Files (x86)\MySQL\MySQL Fabric 1.5.4 & MySQL Utilities 1.5.4 1.5\Doctrine extensions for PHP\;C:\Users\ankan.mukherjee\AppData\Local\Microsoft\WindowsApps;;C:\Users\hrkadmin\eclipse\jee-2020-06\eclipse;
USERNAME=ankan.mukherjee
OS=Windows_NT
PROCESSOR_IDENTIFIER=Intel64 Family 6 Model 142 Stepping 10, GenuineIntel



---------------  S Y S T E M  ---------------

OS: Windows 10.0 , 64 bit Build 19041 (10.0.19041.928)

CPU:total 8 (initial active 8) (4 cores per cpu, 2 threads per core) family 6 model 142 stepping 10, cmov, cx8, fxsr, mmx, sse, sse2, sse3, ssse3, sse4.1, sse4.2, popcnt, avx, avx2, aes, clmul, erms, 3dnowpref, lzcnt, ht, tsc, tscinvbit, bmi1, bmi2, adx

Memory: 4k page, physical 8277208k(430592k free), swap 33443032k(5128k free)

vm_info: Java HotSpot(TM) 64-Bit Server VM (25.271-b09) for windows-amd64 JRE (1.8.0_271-b09), built on Sep 16 2020 19:14:59 by "" with MS VC++ 15.9 (VS2017)

time: Fri Jun  4 19:29:12 2021
timezone: India Standard Time
elapsed time: 4.176945 seconds (0d 0h 0m 4s)

