#
# There is insufficient memory for the Java Runtime Environment to continue.
# Native memory allocation (malloc) failed to allocate 1994736 bytes for Chunk::new
# Possible reasons:
#   The system is out of physical RAM or swap space
#   The process is running with CompressedOops enabled, and the Java Heap may be blocking the growth of the native heap
# Possible solutions:
#   Reduce memory load on the system
#   Increase physical memory or swap space
#   Check if swap backing store is full
#   Decrease Java heap size (-Xmx/-Xms)
#   Decrease number of Java threads
#   Decrease Java thread stack sizes (-Xss)
#   Set larger code cache with -XX:ReservedCodeCacheSize=
#   JVM is running with Unscaled Compressed Oops mode in which the Java heap is
#     placed in the first 4GB address space. The Java Heap base address is the
#     maximum limit for the native heap growth. Please use -XX:HeapBaseMinAddress
#     to set the Java Heap base and to place the Java Heap above 4GB virtual address.
# This output file may be truncated or incomplete.
#
#  Out of Memory Error (allocation.cpp:389), pid=28564, tid=0x00000000000039bc
#
# JRE version: Java(TM) SE Runtime Environment (8.0_271-b09) (build 1.8.0_271-b09)
# Java VM: Java HotSpot(TM) 64-Bit Server VM (25.271-b09 mixed mode windows-amd64 compressed oops)
# Failed to write core dump. Minidumps are not enabled by default on client versions of Windows
#

---------------  T H R E A D  ---------------

Current thread (0x000002a3ab342800):  JavaThread "C2 CompilerThread2" daemon [_thread_in_native, id=14780, stack(0x000000d826400000,0x000000d826500000)]

Stack: [0x000000d826400000,0x000000d826500000]
Native frames: (J=compiled Java code, j=interpreted, Vv=VM code, C=native code)
V  [jvm.dll+0x33f6c9]
V  [jvm.dll+0x286122]
V  [jvm.dll+0x286dcd]
V  [jvm.dll+0x27d805]
V  [jvm.dll+0xe574c]
V  [jvm.dll+0xe5f4c]
V  [jvm.dll+0x480095]
V  [jvm.dll+0x447de8]
V  [jvm.dll+0x450c25]
V  [jvm.dll+0x44ffe5]
V  [jvm.dll+0x43aef7]
V  [jvm.dll+0xbc3eb]
V  [jvm.dll+0xbaa4b]
V  [jvm.dll+0x24e7c2]
V  [jvm.dll+0x2a2dcc]
C  [ucrtbase.dll+0x21bb2]
C  [KERNEL32.DLL+0x17034]
C  [ntdll.dll+0x52651]


Current CompileTask:
C2:   6836 2283       4       java.net.URLClassLoader$1::run (5 bytes)


---------------  P R O C E S S  ---------------

Java Threads: ( => current thread )
  0x000002a3928bf800 JavaThread "DestroyJavaVM" [_thread_blocked, id=32100, stack(0x000000d825400000,0x000000d825500000)]
  0x000002a3ad4ee000 JavaThread "pool-1-thread-1" [_thread_blocked, id=11256, stack(0x000000d826900000,0x000000d826a00000)]
  0x000002a3ad35d800 JavaThread "MySQL Statement Cancellation Timer" daemon [_thread_blocked, id=25448, stack(0x000000d826800000,0x000000d826900000)]
  0x000002a3ab3d0000 JavaThread "Service Thread" daemon [_thread_blocked, id=33296, stack(0x000000d826600000,0x000000d826700000)]
  0x000002a3ab34c800 JavaThread "C1 CompilerThread3" daemon [_thread_blocked, id=20756, stack(0x000000d826500000,0x000000d826600000)]
=>0x000002a3ab342800 JavaThread "C2 CompilerThread2" daemon [_thread_in_native, id=14780, stack(0x000000d826400000,0x000000d826500000)]
  0x000002a3ab335000 JavaThread "C2 CompilerThread1" daemon [_thread_blocked, id=34664, stack(0x000000d826300000,0x000000d826400000)]
  0x000002a3a954a000 JavaThread "C2 CompilerThread0" daemon [_thread_blocked, id=34552, stack(0x000000d826200000,0x000000d826300000)]
  0x000002a3a9545000 JavaThread "Attach Listener" daemon [_thread_blocked, id=36220, stack(0x000000d826100000,0x000000d826200000)]
  0x000002a3a9543000 JavaThread "Signal Dispatcher" daemon [_thread_blocked, id=20112, stack(0x000000d826000000,0x000000d826100000)]
  0x000002a3a9525800 JavaThread "Finalizer" daemon [_thread_blocked, id=31004, stack(0x000000d825f00000,0x000000d826000000)]
  0x000002a3a94fe000 JavaThread "Reference Handler" daemon [_thread_blocked, id=33972, stack(0x000000d825e00000,0x000000d825f00000)]

Other Threads:
  0x000002a3a94f6000 VMThread [stack: 0x000000d825d00000,0x000000d825e00000] [id=26112]
  0x000002a3ab3f4800 WatcherThread [stack: 0x000000d826700000,0x000000d826800000] [id=30680]

VM state:not at safepoint (normal execution)

VM Mutex/Monitor currently owned by a thread: None

heap address: 0x0000000081a00000, size: 2022 MB, Compressed Oops mode: 32-bit
Narrow klass base: 0x0000000000000000, Narrow klass shift: 3
Compressed class space size: 1073741824 Address: 0x0000000100000000

Heap:
 PSYoungGen      total 38400K, used 17132K [0x00000000d5e00000, 0x00000000da200000, 0x0000000100000000)
  eden space 33280K, 36% used [0x00000000d5e00000,0x00000000d69be8b0,0x00000000d7e80000)
  from space 5120K, 99% used [0x00000000d7e80000,0x00000000d837ca00,0x00000000d8380000)
  to   space 10752K, 0% used [0x00000000d9780000,0x00000000d9780000,0x00000000da200000)
 ParOldGen       total 65536K, used 10154K [0x0000000081a00000, 0x0000000085a00000, 0x00000000d5e00000)
  object space 65536K, 15% used [0x0000000081a00000,0x00000000823eab30,0x0000000085a00000)
 Metaspace       used 29242K, capacity 29616K, committed 29824K, reserved 1075200K
  class space    used 4345K, capacity 4450K, committed 4480K, reserved 1048576K

Card table byte_map: [0x000002a3a4040000,0x000002a3a4440000] byte_map_base: 0x000002a3a3c33000

Marking Bits: (ParMarkBitMap*) 0x0000000076dc7fe0
 Begin Bits: [0x000002a3a47f0000, 0x000002a3a6788000)
 End Bits:   [0x000002a3a6788000, 0x000002a3a8720000)

Polling page: 0x000002a394c50000

CodeCache: size=245760Kb used=8737Kb max_used=8737Kb free=237023Kb
 bounds [0x000002a394c80000, 0x000002a395510000, 0x000002a3a3c80000]
 total_blobs=2841 nmethods=2350 adapters=403
 compilation: enabled

Compilation events (10 events):
Event: 6.510 Thread 0x000002a3ab34c800 2349       1       org.hibernate.tuple.AbstractAttribute::getType (5 bytes)
Event: 6.510 Thread 0x000002a3ab34c800 nmethod 2349 0x000002a39550c210 code [0x000002a39550c360, 0x000002a39550c478]
Event: 6.510 Thread 0x000002a3ab34c800 2351       1       com.mysql.jdbc.ConnectionProperties::getMaintainTimeStats (5 bytes)
Event: 6.510 Thread 0x000002a3ab34c800 nmethod 2351 0x000002a39550c4d0 code [0x000002a39550c620, 0x000002a39550c738]
Event: 6.512 Thread 0x000002a3ab34c800 2352       3       java.util.ArrayList::isEmpty (13 bytes)
Event: 6.513 Thread 0x000002a3ab34c800 nmethod 2352 0x000002a39550c790 code [0x000002a39550c8e0, 0x000002a39550ca98]
Event: 6.513 Thread 0x000002a3ab34c800 2353       3       com.mysql.jdbc.ConnectionProperties::getPedantic (8 bytes)
Event: 6.513 Thread 0x000002a3ab34c800 nmethod 2353 0x000002a39550cb10 code [0x000002a39550cc80, 0x000002a39550cff8]
Event: 6.516 Thread 0x000002a3ab34c800 2354       3       java.util.HashSet::iterator (13 bytes)
Event: 6.517 Thread 0x000002a3ab34c800 nmethod 2354 0x000002a39550d110 code [0x000002a39550d280, 0x000002a39550d560]

GC Heap History (10 events):
Event: 3.279 GC heap before
{Heap before GC invocations=2 (full 0):
 PSYoungGen      total 38400K, used 33888K [0x00000000d5e00000, 0x00000000d8880000, 0x0000000100000000)
  eden space 33280K, 100% used [0x00000000d5e00000,0x00000000d7e80000,0x00000000d7e80000)
  from space 5120K, 11% used [0x00000000d7e80000,0x00000000d7f18130,0x00000000d8380000)
  to   space 5120K, 0% used [0x00000000d8380000,0x00000000d8380000,0x00000000d8880000)
 ParOldGen       total 87552K, used 8K [0x0000000081a00000, 0x0000000086f80000, 0x00000000d5e00000)
  object space 87552K, 0% used [0x0000000081a00000,0x0000000081a02000,0x0000000086f80000)
 Metaspace       used 14979K, capacity 15188K, committed 15488K, reserved 1062912K
  class space    used 2060K, capacity 2136K, committed 2176K, reserved 1048576K
Event: 3.289 GC heap after
Heap after GC invocations=2 (full 0):
 PSYoungGen      total 38400K, used 5108K [0x00000000d5e00000, 0x00000000d8880000, 0x0000000100000000)
  eden space 33280K, 0% used [0x00000000d5e00000,0x00000000d5e00000,0x00000000d7e80000)
  from space 5120K, 99% used [0x00000000d8380000,0x00000000d887d288,0x00000000d8880000)
  to   space 5120K, 0% used [0x00000000d7e80000,0x00000000d7e80000,0x00000000d8380000)
 ParOldGen       total 87552K, used 2195K [0x0000000081a00000, 0x0000000086f80000, 0x00000000d5e00000)
  object space 87552K, 2% used [0x0000000081a00000,0x0000000081c24d68,0x0000000086f80000)
 Metaspace       used 14979K, capacity 15188K, committed 15488K, reserved 1062912K
  class space    used 2060K, capacity 2136K, committed 2176K, reserved 1048576K
}
Event: 4.151 GC heap before
{Heap before GC invocations=3 (full 0):
 PSYoungGen      total 38400K, used 38388K [0x00000000d5e00000, 0x00000000d8880000, 0x0000000100000000)
  eden space 33280K, 100% used [0x00000000d5e00000,0x00000000d7e80000,0x00000000d7e80000)
  from space 5120K, 99% used [0x00000000d8380000,0x00000000d887d288,0x00000000d8880000)
  to   space 5120K, 0% used [0x00000000d7e80000,0x00000000d7e80000,0x00000000d8380000)
 ParOldGen       total 87552K, used 2195K [0x0000000081a00000, 0x0000000086f80000, 0x00000000d5e00000)
  object space 87552K, 2% used [0x0000000081a00000,0x0000000081c24d68,0x0000000086f80000)
 Metaspace       used 16806K, capacity 17098K, committed 17408K, reserved 1064960K
  class space    used 2378K, capacity 2475K, committed 2560K, reserved 1048576K
Event: 4.159 GC heap after
Heap after GC invocations=3 (full 0):
 PSYoungGen      total 38400K, used 5091K [0x00000000d5e00000, 0x00000000d8880000, 0x0000000100000000)
  eden space 33280K, 0% used [0x00000000d5e00000,0x00000000d5e00000,0x00000000d7e80000)
  from space 5120K, 99% used [0x00000000d7e80000,0x00000000d8378fd8,0x00000000d8380000)
  to   space 5120K, 0% used [0x00000000d8380000,0x00000000d8380000,0x00000000d8880000)
 ParOldGen       total 87552K, used 3637K [0x0000000081a00000, 0x0000000086f80000, 0x00000000d5e00000)
  object space 87552K, 4% used [0x0000000081a00000,0x0000000081d8d648,0x0000000086f80000)
 Metaspace       used 16806K, capacity 17098K, committed 17408K, reserved 1064960K
  class space    used 2378K, capacity 2475K, committed 2560K, reserved 1048576K
}
Event: 5.117 GC heap before
{Heap before GC invocations=4 (full 0):
 PSYoungGen      total 38400K, used 31852K [0x00000000d5e00000, 0x00000000d8880000, 0x0000000100000000)
  eden space 33280K, 80% used [0x00000000d5e00000,0x00000000d78223f8,0x00000000d7e80000)
  from space 5120K, 99% used [0x00000000d7e80000,0x00000000d8378fd8,0x00000000d8380000)
  to   space 5120K, 0% used [0x00000000d8380000,0x00000000d8380000,0x00000000d8880000)
 ParOldGen       total 87552K, used 3637K [0x0000000081a00000, 0x0000000086f80000, 0x00000000d5e00000)
  object space 87552K, 4% used [0x0000000081a00000,0x0000000081d8d648,0x0000000086f80000)
 Metaspace       used 20829K, capacity 21120K, committed 21296K, reserved 1067008K
  class space    used 3054K, capacity 3152K, committed 3200K, reserved 1048576K
Event: 5.126 GC heap after
Heap after GC invocations=4 (full 0):
 PSYoungGen      total 38400K, used 5091K [0x00000000d5e00000, 0x00000000d8880000, 0x0000000100000000)
  eden space 33280K, 0% used [0x00000000d5e00000,0x00000000d5e00000,0x00000000d7e80000)
  from space 5120K, 99% used [0x00000000d8380000,0x00000000d8878ff8,0x00000000d8880000)
  to   space 5120K, 0% used [0x00000000d7e80000,0x00000000d7e80000,0x00000000d8380000)
 ParOldGen       total 87552K, used 6945K [0x0000000081a00000, 0x0000000086f80000, 0x00000000d5e00000)
  object space 87552K, 7% used [0x0000000081a00000,0x00000000820c8688,0x0000000086f80000)
 Metaspace       used 20829K, capacity 21120K, committed 21296K, reserved 1067008K
  class space    used 3054K, capacity 3152K, committed 3200K, reserved 1048576K
}
Event: 5.126 GC heap before
{Heap before GC invocations=5 (full 1):
 PSYoungGen      total 38400K, used 5091K [0x00000000d5e00000, 0x00000000d8880000, 0x0000000100000000)
  eden space 33280K, 0% used [0x00000000d5e00000,0x00000000d5e00000,0x00000000d7e80000)
  from space 5120K, 99% used [0x00000000d8380000,0x00000000d8878ff8,0x00000000d8880000)
  to   space 5120K, 0% used [0x00000000d7e80000,0x00000000d7e80000,0x00000000d8380000)
 ParOldGen       total 87552K, used 6945K [0x0000000081a00000, 0x0000000086f80000, 0x00000000d5e00000)
  object space 87552K, 7% used [0x0000000081a00000,0x00000000820c8688,0x0000000086f80000)
 Metaspace       used 20829K, capacity 21120K, committed 21296K, reserved 1067008K
  class space    used 3054K, capacity 3152K, committed 3200K, reserved 1048576K
Event: 5.165 GC heap after
Heap after GC invocations=5 (full 1):
 PSYoungGen      total 38400K, used 0K [0x00000000d5e00000, 0x00000000d8880000, 0x0000000100000000)
  eden space 33280K, 0% used [0x00000000d5e00000,0x00000000d5e00000,0x00000000d7e80000)
  from space 5120K, 0% used [0x00000000d8380000,0x00000000d8380000,0x00000000d8880000)
  to   space 5120K, 0% used [0x00000000d7e80000,0x00000000d7e80000,0x00000000d8380000)
 ParOldGen       total 65536K, used 9045K [0x0000000081a00000, 0x0000000085a00000, 0x00000000d5e00000)
  object space 65536K, 13% used [0x0000000081a00000,0x00000000822d5648,0x0000000085a00000)
 Metaspace       used 20829K, capacity 21120K, committed 21296K, reserved 1067008K
  class space    used 3054K, capacity 3152K, committed 3200K, reserved 1048576K
}
Event: 6.076 GC heap before
{Heap before GC invocations=6 (full 1):
 PSYoungGen      total 38400K, used 33280K [0x00000000d5e00000, 0x00000000d8880000, 0x0000000100000000)
  eden space 33280K, 100% used [0x00000000d5e00000,0x00000000d7e80000,0x00000000d7e80000)
  from space 5120K, 0% used [0x00000000d8380000,0x00000000d8380000,0x00000000d8880000)
  to   space 5120K, 0% used [0x00000000d7e80000,0x00000000d7e80000,0x00000000d8380000)
 ParOldGen       total 65536K, used 9045K [0x0000000081a00000, 0x0000000085a00000, 0x00000000d5e00000)
  object space 65536K, 13% used [0x0000000081a00000,0x00000000822d5648,0x0000000085a00000)
 Metaspace       used 27097K, capacity 27448K, committed 27776K, reserved 1073152K
  class space    used 4070K, capacity 4182K, committed 4224K, reserved 1048576K
Event: 6.082 GC heap after
Heap after GC invocations=6 (full 1):
 PSYoungGen      total 38400K, used 5106K [0x00000000d5e00000, 0x00000000da200000, 0x0000000100000000)
  eden space 33280K, 0% used [0x00000000d5e00000,0x00000000d5e00000,0x00000000d7e80000)
  from space 5120K, 99% used [0x00000000d7e80000,0x00000000d837ca00,0x00000000d8380000)
  to   space 10752K, 0% used [0x00000000d9780000,0x00000000d9780000,0x00000000da200000)
 ParOldGen       total 65536K, used 10154K [0x0000000081a00000, 0x0000000085a00000, 0x00000000d5e00000)
  object space 65536K, 15% used [0x0000000081a00000,0x00000000823eab30,0x0000000085a00000)
 Metaspace       used 27097K, capacity 27448K, committed 27776K, reserved 1073152K
  class space    used 4070K, capacity 4182K, committed 4224K, reserved 1048576K
}

Deoptimization events (10 events):
Event: 3.270 Thread 0x000002a3928bf800 Uncommon trap: reason=unstable_if action=reinterpret pc=0x000002a394fe9d74 method=com.sun.org.apache.xerces.internal.impl.XMLEntityScanner.checkBeforeLoad(Lcom/sun/xml/internal/stream/Entity$ScannedEntity;II)I @ 18
Event: 3.277 Thread 0x000002a3928bf800 Uncommon trap: reason=unstable_if action=reinterpret pc=0x000002a395040af8 method=com.sun.org.apache.xerces.internal.impl.XMLEntityScanner.peekChar()I @ 14
Event: 3.321 Thread 0x000002a3928bf800 Uncommon trap: reason=unstable_if action=reinterpret pc=0x000002a39501fc4c method=com.sun.org.apache.xerces.internal.impl.XMLEntityScanner.scanContent(Lcom/sun/org/apache/xerces/internal/xni/XMLString;)I @ 44
Event: 3.419 Thread 0x000002a3928bf800 Uncommon trap: reason=unstable_if action=reinterpret pc=0x000002a394dcb4c0 method=java.lang.CharacterData.of(I)Ljava/lang/CharacterData; @ 4
Event: 3.488 Thread 0x000002a3928bf800 Uncommon trap: reason=unstable_if action=reinterpret pc=0x000002a39507eebc method=com.sun.org.apache.xerces.internal.impl.dtd.models.CMStateSet.getBit(I)Z @ 37
Event: 4.550 Thread 0x000002a3928bf800 Uncommon trap: reason=unstable_if action=reinterpret pc=0x000002a3950c7a08 method=com.sun.org.apache.xerces.internal.impl.XMLEntityScanner.scanContent(Lcom/sun/org/apache/xerces/internal/xni/XMLString;)I @ 127
Event: 4.678 Thread 0x000002a3928bf800 Uncommon trap: reason=unstable_if action=reinterpret pc=0x000002a394f3e1fc method=java.lang.CharacterDataLatin1.isWhitespace(I)Z @ 14
Event: 4.696 Thread 0x000002a3928bf800 Uncommon trap: reason=unstable_if action=reinterpret pc=0x000002a39539e928 method=java.lang.CharacterDataLatin1.digit(II)I @ 31
Event: 4.748 Thread 0x000002a3928bf800 Uncommon trap: reason=predicate action=maybe_recompile pc=0x000002a394eed1e8 method=sun.net.www.ParseUtil.encodePath(Ljava/lang/String;Z)Ljava/lang/String; @ 36
Event: 4.929 Thread 0x000002a3928bf800 Uncommon trap: reason=unstable_if action=reinterpret pc=0x000002a3953c8e4c method=java.lang.CharacterDataLatin1.digit(II)I @ 31

Classes redefined (0 events):
No events

Internal exceptions (10 events):
Event: 4.626 Thread 0x000002a3928bf800 Exception <a 'java/security/PrivilegedActionException'> (0x00000000d6ce8910) thrown at [C:\jenkins\workspace\8-2-build-windows-amd64-cygwin\jdk8u271\605\hotspot\src\share\vm\prims\jvm.cpp, line 1512]
Event: 4.630 Thread 0x000002a3928bf800 Exception <a 'java/security/PrivilegedActionException'> (0x00000000d6d18ae8) thrown at [C:\jenkins\workspace\8-2-build-windows-amd64-cygwin\jdk8u271\605\hotspot\src\share\vm\prims\jvm.cpp, line 1512]
Event: 4.630 Thread 0x000002a3928bf800 Exception <a 'java/security/PrivilegedActionException'> (0x00000000d6d18ee0) thrown at [C:\jenkins\workspace\8-2-build-windows-amd64-cygwin\jdk8u271\605\hotspot\src\share\vm\prims\jvm.cpp, line 1512]
Event: 4.631 Thread 0x000002a3928bf800 Exception <a 'java/security/PrivilegedActionException'> (0x00000000d6d1e6a0) thrown at [C:\jenkins\workspace\8-2-build-windows-amd64-cygwin\jdk8u271\605\hotspot\src\share\vm\prims\jvm.cpp, line 1512]
Event: 4.631 Thread 0x000002a3928bf800 Exception <a 'java/security/PrivilegedActionException'> (0x00000000d6d1ea98) thrown at [C:\jenkins\workspace\8-2-build-windows-amd64-cygwin\jdk8u271\605\hotspot\src\share\vm\prims\jvm.cpp, line 1512]
Event: 4.631 Thread 0x000002a3928bf800 Exception <a 'java/security/PrivilegedActionException'> (0x00000000d6d24430) thrown at [C:\jenkins\workspace\8-2-build-windows-amd64-cygwin\jdk8u271\605\hotspot\src\share\vm\prims\jvm.cpp, line 1512]
Event: 4.631 Thread 0x000002a3928bf800 Exception <a 'java/security/PrivilegedActionException'> (0x00000000d6d24828) thrown at [C:\jenkins\workspace\8-2-build-windows-amd64-cygwin\jdk8u271\605\hotspot\src\share\vm\prims\jvm.cpp, line 1512]
Event: 4.631 Thread 0x000002a3928bf800 Exception <a 'java/security/PrivilegedActionException'> (0x00000000d6d2a208) thrown at [C:\jenkins\workspace\8-2-build-windows-amd64-cygwin\jdk8u271\605\hotspot\src\share\vm\prims\jvm.cpp, line 1512]
Event: 4.631 Thread 0x000002a3928bf800 Exception <a 'java/security/PrivilegedActionException'> (0x00000000d6d2a600) thrown at [C:\jenkins\workspace\8-2-build-windows-amd64-cygwin\jdk8u271\605\hotspot\src\share\vm\prims\jvm.cpp, line 1512]
Event: 5.021 Thread 0x000002a3928bf800 Exception <a 'java/lang/AbstractMethodError': com.mysql.jdbc.Connection.getSchema()Ljava/lang/String;> (0x00000000d73b1d50) thrown at [C:\jenkins\workspace\8-2-build-windows-amd64-cygwin\jdk8u271\605\hotspot\src\share\vm\interpreter\linkResolver.cpp, line

Events (10 events):
Event: 6.453 loading class org/hibernate/engine/spi/BatchFetchQueue
Event: 6.453 loading class org/hibernate/engine/spi/BatchFetchQueue done
Event: 6.456 loading class org/hibernate/internal/util/collections/ConcurrentReferenceHashMap$Values
Event: 6.456 loading class org/hibernate/internal/util/collections/ConcurrentReferenceHashMap$Values done
Event: 6.457 loading class org/hibernate/internal/util/collections/ConcurrentReferenceHashMap$ValueIterator
Event: 6.457 loading class org/hibernate/internal/util/collections/ConcurrentReferenceHashMap$ValueIterator done
Event: 6.457 loading class org/hibernate/internal/util/collections/ConcurrentReferenceHashMap$HashIterator
Event: 6.457 loading class org/hibernate/internal/util/collections/ConcurrentReferenceHashMap$HashIterator done
Event: 6.516 Thread 0x000002a3928bf800 Thread exited: 0x000002a3928bf800
Event: 6.517 Thread 0x000002a3928bf800 Thread added: 0x000002a3928bf800


Dynamic libraries:
0x00007ff6af630000 - 0x00007ff6af677000 	C:\Program Files\Java\jre1.8.0_271\bin\javaw.exe
0x00007ff968ab0000 - 0x00007ff968ca5000 	C:\WINDOWS\SYSTEM32\ntdll.dll
0x00007ff967e70000 - 0x00007ff967f2d000 	C:\WINDOWS\System32\KERNEL32.DLL
0x00007ff9664a0000 - 0x00007ff966768000 	C:\WINDOWS\System32\KERNELBASE.dll
0x00007ff966b40000 - 0x00007ff966bec000 	C:\WINDOWS\System32\ADVAPI32.dll
0x00007ff9677f0000 - 0x00007ff96788e000 	C:\WINDOWS\System32\msvcrt.dll
0x00007ff966bf0000 - 0x00007ff966c8b000 	C:\WINDOWS\System32\sechost.dll
0x00007ff966db0000 - 0x00007ff966edb000 	C:\WINDOWS\System32\RPCRT4.dll
0x00007ff968460000 - 0x00007ff968600000 	C:\WINDOWS\System32\USER32.dll
0x00007ff9669e0000 - 0x00007ff966a02000 	C:\WINDOWS\System32\win32u.dll
0x00007ff966b10000 - 0x00007ff966b3a000 	C:\WINDOWS\System32\GDI32.dll
0x00007ff9668d0000 - 0x00007ff9669db000 	C:\WINDOWS\System32\gdi32full.dll
0x00007ff966a70000 - 0x00007ff966b0d000 	C:\WINDOWS\System32\msvcp_win.dll
0x00007ff966320000 - 0x00007ff966420000 	C:\WINDOWS\System32\ucrtbase.dll
0x00007ff948e60000 - 0x00007ff9490fa000 	C:\WINDOWS\WinSxS\amd64_microsoft.windows.common-controls_6595b64144ccf1df_6.0.19041.844_none_ca00b6081b84eb1d\COMCTL32.dll
0x00007ff966fb0000 - 0x00007ff966fe0000 	C:\WINDOWS\System32\IMM32.DLL
0x00007ff95ce60000 - 0x00007ff95d062000 	C:\WINDOWS\system32\tmumh\20019\AddOn\8.53.0.1073\TmUmEvt64.dll
0x00007ff967f30000 - 0x00007ff967f38000 	C:\WINDOWS\System32\PSAPI.DLL
0x00000000571e0000 - 0x000000005734e000 	C:\WINDOWS\system32\tmumh\20019\TmMon\2.8.0.1049\tmmon64.dll
0x00007ff945b40000 - 0x00007ff945b55000 	C:\Program Files\Java\jre1.8.0_271\bin\vcruntime140.dll
0x00007ff93dde0000 - 0x00007ff93de7b000 	C:\Program Files\Java\jre1.8.0_271\bin\msvcp140.dll
0x00000000765d0000 - 0x0000000076e3f000 	C:\Program Files\Java\jre1.8.0_271\bin\server\jvm.dll
0x00007ff949140000 - 0x00007ff949149000 	C:\WINDOWS\SYSTEM32\WSOCK32.dll
0x00007ff968840000 - 0x00007ff9688ab000 	C:\WINDOWS\System32\WS2_32.dll
0x00007ff94df80000 - 0x00007ff94dfa7000 	C:\WINDOWS\SYSTEM32\WINMM.dll
0x00007ff9589b0000 - 0x00007ff9589ba000 	C:\WINDOWS\SYSTEM32\VERSION.dll
0x000002a394900000 - 0x000002a394903000 	C:\WINDOWS\system32\Sfc.dll
0x00007ff939dd0000 - 0x00007ff939de2000 	C:\WINDOWS\SYSTEM32\sfc_os.DLL
0x00007ff967ff0000 - 0x00007ff968459000 	C:\WINDOWS\System32\SETUPAPI.dll
0x00007ff9662a0000 - 0x00007ff9662ee000 	C:\WINDOWS\System32\cfgmgr32.dll
0x00007ff9662f0000 - 0x00007ff966317000 	C:\WINDOWS\System32\bcrypt.dll
0x00007ff964aa0000 - 0x00007ff964ab2000 	C:\WINDOWS\SYSTEM32\kernel.appcore.dll
0x00007ff95e5e0000 - 0x00007ff95e5f0000 	C:\Program Files\Java\jre1.8.0_271\bin\verify.dll
0x00007ff945700000 - 0x00007ff94572b000 	C:\Program Files\Java\jre1.8.0_271\bin\java.dll
0x00007ff945e40000 - 0x00007ff945e58000 	C:\Program Files\Java\jre1.8.0_271\bin\zip.dll
0x00007ff9670a0000 - 0x00007ff9677e2000 	C:\WINDOWS\System32\SHELL32.dll
0x00007ff964030000 - 0x00007ff9647c0000 	C:\WINDOWS\SYSTEM32\windows.storage.dll
0x00007ff967890000 - 0x00007ff967be5000 	C:\WINDOWS\System32\combase.dll
0x00007ff965c60000 - 0x00007ff965c8c000 	C:\WINDOWS\SYSTEM32\Wldp.dll
0x00007ff967f40000 - 0x00007ff967fee000 	C:\WINDOWS\System32\SHCORE.dll
0x00007ff967e00000 - 0x00007ff967e55000 	C:\WINDOWS\System32\shlwapi.dll
0x00007ff966130000 - 0x00007ff96614f000 	C:\WINDOWS\SYSTEM32\profapi.dll
0x00007ff965bb0000 - 0x00007ff965bc8000 	C:\WINDOWS\SYSTEM32\CRYPTSP.dll
0x00007ff965300000 - 0x00007ff965334000 	C:\WINDOWS\system32\rsaenh.dll
0x00007ff9660b0000 - 0x00007ff9660de000 	C:\WINDOWS\SYSTEM32\USERENV.dll
0x00007ff966420000 - 0x00007ff9664a0000 	C:\WINDOWS\System32\bcryptprimitives.dll
0x00007ff965ba0000 - 0x00007ff965bac000 	C:\WINDOWS\SYSTEM32\CRYPTBASE.dll
0x00007ff945a60000 - 0x00007ff945a7c000 	C:\Program Files\Java\jre1.8.0_271\bin\net.dll
0x00007ff9659d0000 - 0x00007ff965a3a000 	C:\WINDOWS\system32\mswsock.dll
0x00007ff965670000 - 0x00007ff9656ab000 	C:\WINDOWS\SYSTEM32\IPHLPAPI.DLL
0x00007ff9688b0000 - 0x00007ff9688b8000 	C:\WINDOWS\System32\NSI.dll
0x00007ff95a370000 - 0x00007ff95a387000 	C:\WINDOWS\SYSTEM32\dhcpcsvc6.DLL
0x00007ff95abb0000 - 0x00007ff95abcd000 	C:\WINDOWS\SYSTEM32\dhcpcsvc.DLL
0x00007ff9656c0000 - 0x00007ff96578c000 	C:\WINDOWS\SYSTEM32\DNSAPI.dll
0x00007ff945820000 - 0x00007ff945833000 	C:\Program Files\Java\jre1.8.0_271\bin\nio.dll
0x00007ff952e30000 - 0x00007ff952e3a000 	C:\Windows\System32\rasadhlp.dll
0x00007ff952e50000 - 0x00007ff952ecf000 	C:\WINDOWS\System32\fwpuclnt.dll
0x00007ff9647d0000 - 0x00007ff9649b4000 	C:\WINDOWS\SYSTEM32\dbghelp.dll

VM Arguments:
jvm_args: -Dfile.encoding=Cp1252 
java_command: com.kt.assignment.controller.MainClass
java_class_path (initial): C:\Users\hrkadmin\eclipse-workspace\Sample\bin;C:\Users\ankan.mukherjee\Downloads\hibernatejar-20210603T101901Z-001\hibernatejar\antlr-2.7.7.jar;C:\Users\ankan.mukherjee\Downloads\hibernatejar-20210603T101901Z-001\hibernatejar\byte-buddy-1.8.12.jar;C:\Users\ankan.mukherjee\Downloads\hibernatejar-20210603T101901Z-001\hibernatejar\mchange-commons-java-0.2.11.jar;C:\Users\ankan.mukherjee\Downloads\hibernatejar-20210603T101901Z-001\hibernatejar\c3p0-0.9.5.2.jar;C:\Users\ankan.mukherjee\Downloads\hibernatejar-20210603T101901Z-001\hibernatejar\classmate-1.3.4.jar;C:\Users\ankan.mukherjee\Downloads\hibernatejar-20210603T101901Z-001\hibernatejar\dom4j-1.6.1.jar;C:\Users\ankan.mukherjee\Downloads\hibernatejar-20210603T101901Z-001\hibernatejar\geolatte-geom-1.3.0.jar;C:\Users\ankan.mukherjee\Downloads\hibernatejar-20210603T101901Z-001\hibernatejar\hibernate-c3p0-5.3.1.Final.jar;C:\Users\ankan.mukherjee\Downloads\hibernatejar-20210603T101901Z-001\hibernatejar\hibernate-commons-annotations-5.0.3.Final.jar;C:\Users\ankan.mukherjee\Downloads\hibernatejar-20210603T101901Z-001\hibernatejar\hibernate-core-5.3.1.Final.jar;C:\Users\ankan.mukherjee\Downloads\hibernatejar-20210603T101901Z-001\hibernatejar\hibernate-envers-5.3.1.Final.jar;C:\Users\ankan.mukherjee\Downloads\hibernatejar-20210603T101901Z-001\hibernatejar\hibernate-jpamodelgen-5.3.1.Final.jar;C:\Users\ankan.mukherjee\Downloads\hibernatejar-20210603T101901Z-001\hibernatejar\hibernate-osgi-5.3.1.Final.jar;C:\Users\ankan.mukherjee\Downloads\hibernatejar-20210603T101901Z-001\hibernatejar\hibernate-proxool-5.3.1.Final.jar;C:\Users\ankan.mukherjee\Downloads\hibernatejar-20210603T101901Z-001\hibernatejar\hibernate-spatial-5.3.1.Final.jar;C:\Users\ankan.mukherjee\Downloads\hibernatejar-20210603T101901Z-001\hibernatejar\jandex-2.0.3.Final.jar;C:\Users\ankan.mukherjee\Downloads\hibernatejar-20210603T101901Z-001\hibernatejar\javassist-3.22.0-GA.jar;C:\Users\ankan.mukherjee\Downloads\hibernatejar-20210603T1
Launcher Type: SUN_STANDARD

Environment Variables:
JAVA_HOME=C:\Program Files\Java\jdk1.8.0_144
PATH=C:/Program Files/Java/jre1.8.0_271/bin/server;C:/Program Files/Java/jre1.8.0_271/bin;C:/Program Files/Java/jre1.8.0_271/lib/amd64;C:\Program Files (x86)\Common Files\Oracle\Java\javapath;C:\ProgramData\Oracle\Java\javapath;C:\Program Files (x86)\Intel\iCLS Client\;C:\Program Files\Intel\iCLS Client\;C:\windows\system32;C:\windows;C:\windows\System32\Wbem;C:\windows\System32\WindowsPowerShell\v1.0\;C:\Program Files (x86)\NVIDIA Corporation\PhysX\Common;C:\Program Files\Intel\WiFi\bin\;C:\Program Files\Common Files\Intel\WirelessCommon\;C:\Program Files (x86)\Intel\Intel(R) Management Engine Components\DAL;C:\Program Files\Intel\Intel(R) Management Engine Components\DAL;C:\Program Files (x86)\Intel\Intel(R) Management Engine Components\IPT;C:\Program Files\Intel\Intel(R) Management Engine Components\IPT;C:\WINDOWS\system32;C:\WINDOWS;C:\WINDOWS\System32\Wbem;C:\WINDOWS\System32\WindowsPowerShell\v1.0\;C:\WINDOWS\System32\OpenSSH\;C:\Program Files\Git\cmd;C:\Program Files\Microsoft VS Code\bin;C:\Program Files\nodejs\;C:\Program Files\Java\jdk1.8.0_144\bin;C:\ProgramData\chocolatey\bin;C:\Program Files (x86)\MySQL\MySQL Fabric 1.5.4 & MySQL Utilities 1.5.4 1.5\;C:\Program Files (x86)\MySQL\MySQL Fabric 1.5.4 & MySQL Utilities 1.5.4 1.5\Doctrine extensions for PHP\;C:\Users\ankan.mukherjee\AppData\Local\Microsoft\WindowsApps;;C:\Users\hrkadmin\eclipse\jee-2020-06\eclipse;
USERNAME=ankan.mukherjee
OS=Windows_NT
PROCESSOR_IDENTIFIER=Intel64 Family 6 Model 142 Stepping 10, GenuineIntel



---------------  S Y S T E M  ---------------

OS: Windows 10.0 , 64 bit Build 19041 (10.0.19041.928)

CPU:total 8 (initial active 8) (4 cores per cpu, 2 threads per core) family 6 model 142 stepping 10, cmov, cx8, fxsr, mmx, sse, sse2, sse3, ssse3, sse4.1, sse4.2, popcnt, avx, avx2, aes, clmul, erms, 3dnowpref, lzcnt, ht, tsc, tscinvbit, bmi1, bmi2, adx

Memory: 4k page, physical 8277208k(453540k free), swap 33443032k(4012k free)

vm_info: Java HotSpot(TM) 64-Bit Server VM (25.271-b09) for windows-amd64 JRE (1.8.0_271-b09), built on Sep 16 2020 19:14:59 by "" with MS VC++ 15.9 (VS2017)

time: Fri Jun  4 09:44:54 2021
timezone: India Standard Time
elapsed time: 6.847345 seconds (0d 0h 0m 6s)

